
в•”в•ђв•ђ Brain Health Diagnostic в•ђв•ђв•—
в•‘ Status: рџџЎ WARNINGS
в•‘ Time:   2026-03-13 18:46:18
в• в•ђв•ђв•ђв•ђв•ђв•ђв•ђв•ђв•ђв•ђв•ђв•ђв•ђв•ђв•ђв•ђв•ђв•ђв•ђв•ђв•ђв•ђв•ђв•ђв•ђв•ђв•ђв•ђв•ђв•ђв•Ј
в•‘ вњ… [Chemical State] 12 chemicals, all within bounds
в•‘ вњ… [Instincts] 5 scenarios, all valid
в•‘ вњ… [Working Memory] 6 items across 3 categories
в•‘ вњ… [Hippocampus] 3 pending events
в•‘ вњ… [Heuristics] 277 lines, 202 rules, no duplicates
в•‘ вњ… [Instinct Primer] Present and fresh
в•‘ вљ пёЏ [Boot Mode] File missing: lobotto_boot_mode.json
в•љв•ђв•ђв•ђв•ђв•ђв•ђв•ђв•ђв•ђв•ђв•ђв•ђв•ђв•ђв•ђв•ђв•ђв•ђв•ђв•ђв•ђв•ђв•ђв•ђв•ђв•ђв•ђв•ђв•ђв•ђв•ќ

в•”в•ђв•ђ Brain Health Diagnostic в•ђв•ђв•—
в•‘ Status: рџџў HEALTHY
в•‘ Time:   2026-03-13 18:46:48
в• в•ђв•ђв•ђв•ђв•ђв•ђв•ђв•ђв•ђв•ђв•ђв•ђв•ђв•ђв•ђв•ђв•ђв•ђв•ђв•ђв•ђв•ђв•ђв•ђв•ђв•ђв•ђв•ђв•ђв•ђв•Ј
в•‘ вњ… [Chemical State] 12 chemicals, all within bounds
в•‘ вњ… [Instincts] 5 scenarios, all valid
в•‘ вњ… [Working Memory] 6 items across 3 categories
в•‘ вњ… [Hippocampus] 3 pending events
в•‘ вњ… [Heuristics] 277 lines, 202 rules, no duplicates
в•‘ вњ… [Instinct Primer] Present and fresh
в•‘ вњ… [Boot Mode] Mode: emotional_support
в•љв•ђв•ђв•ђв•ђв•ђв•ђв•ђв•ђв•ђв•ђв•ђв•ђв•ђв•ђв•ђв•ђв•ђв•ђв•ђв•ђв•ђв•ђв•ђв•ђв•ђв•ђв•ђв•ђв•ђв•ђв•ќ

в•”в•ђв•ђ Brain Health Diagnostic в•ђв•ђв•—
в•‘ Status: рџџў HEALTHY
в•‘ Time:   2026-03-13 19:12:27
в• в•ђв•ђв•ђв•ђв•ђв•ђв•ђв•ђв•ђв•ђв•ђв•ђв•ђв•ђв•ђв•ђв•ђв•ђв•ђв•ђв•ђв•ђв•ђв•ђв•ђв•ђв•ђв•ђв•ђв•ђв•Ј
в•‘ вњ… [Chemical State] 12 chemicals, all within bounds
в•‘ вњ… [Instincts] 5 scenarios, all valid
в•‘ вњ… [Working Memory] 6 items across 3 categories
в•‘ вњ… [Hippocampus] 3 pending events
в•‘ вњ… [Heuristics] 277 lines, 202 rules, no duplicates
в•‘ вњ… [Instinct Primer] Present and fresh
в•‘ вњ… [Boot Mode] Mode: emotional_support
в•љв•ђв•ђв•ђв•ђв•ђв•ђв•ђв•ђв•ђв•ђв•ђв•ђв•ђв•ђв•ђв•ђв•ђв•ђв•ђв•ђв•ђв•ђв•ђв•ђв•ђв•ђв•ђв•ђв•ђв•ђв•ќ

в•”в•ђв•ђ Brain Health Diagnostic в•ђв•ђв•—
в•‘ Status: рџџў HEALTHY
в•‘ Time:   2026-03-13 23:33:03
в• в•ђв•ђв•ђв•ђв•ђв•ђв•ђв•ђв•ђв•ђв•ђв•ђв•ђв•ђв•ђв•ђв•ђв•ђв•ђв•ђв•ђв•ђв•ђв•ђв•ђв•ђв•ђв•ђв•ђв•ђв•Ј
в•‘ вњ… [Chemical State] 12 chemicals, all within bounds
в•‘ вњ… [Instincts] 5 scenarios, all valid
в•‘ вњ… [Working Memory] 6 items across 3 categories
в•‘ вњ… [Hippocampus] 3 pending events
в•‘ вњ… [Heuristics] 277 lines, 202 rules, no duplicates
в•‘ вњ… [Instinct Primer] Present and fresh
в•‘ вњ… [Boot Mode] Mode: emotional_support
в•љв•ђв•ђв•ђв•ђв•ђв•ђв•ђв•ђв•ђв•ђв•ђв•ђв•ђв•ђв•ђв•ђв•ђв•ђв•ђв•ђв•ђв•ђв•ђв•ђв•ђв•ђв•ђв•ђв•ђв•ђв•ќ

в•”в•ђв•ђ Brain Health Diagnostic в•ђв•ђв•—
в•‘ Status: рџџЎ WARNINGS
в•‘ Time:   2026-03-14 13:02:31
в• в•ђв•ђв•ђв•ђв•ђв•ђв•ђв•ђв•ђв•ђв•ђв•ђв•ђв•ђв•ђв•ђв•ђв•ђв•ђв•ђв•ђв•ђв•ђв•ђв•ђв•ђв•ђв•ђв•ђв•ђв•Ј
в•‘ вњ… [Chemical State] 12 chemicals, all within bounds
в•‘ вњ… [Instincts] 5 scenarios, all valid
в•‘ вњ… [Working Memory] 6 items across 3 categories
в•‘ вњ… [Hippocampus] 3 pending events
в•‘ вњ… [Heuristics] 277 lines, 202 rules, no duplicates
в•‘ вљ пёЏ [Instinct Primer] Stale: generated 19h ago
в•‘ вњ… [Boot Mode] Mode: emotional_support
в•љв•ђв•ђв•ђв•ђв•ђв•ђв•ђв•ђв•ђв•ђв•ђв•ђв•ђв•ђв•ђв•ђв•ђв•ђв•ђв•ђв•ђв•ђв•ђв•ђв•ђв•ђв•ђв•ђв•ђв•ђв•ќ

в•”в•ђв•ђ Brain Health Diagnostic в•ђв•ђв•—
в•‘ Status: рџџў HEALTHY
в•‘ Time:   2026-03-14 18:03:20
в• в•ђв•ђв•ђв•ђв•ђв•ђв•ђв•ђв•ђв•ђв•ђв•ђв•ђв•ђв•ђв•ђв•ђв•ђв•ђв•ђв•ђв•ђв•ђв•ђв•ђв•ђв•ђв•ђв•ђв•ђв•Ј
в•‘ вњ… [Chemical State] 12 chemicals, all within bounds
в•‘ вњ… [Instincts] 5 scenarios, all valid
в•‘ вњ… [Working Memory] 6 items across 3 categories
в•‘ вњ… [Hippocampus] 3 pending events
в•‘ вњ… [Heuristics] 277 lines, 202 rules, no duplicates
в•‘ вњ… [Instinct Primer] Present and fresh
в•‘ вњ… [Boot Mode] Mode: emotional_support
в•љв•ђв•ђв•ђв•ђв•ђв•ђв•ђв•ђв•ђв•ђв•ђв•ђв•ђв•ђв•ђв•ђв•ђв•ђв•ђв•ђв•ђв•ђв•ђв•ђв•ђв•ђв•ђв•ђв•ђв•ђв•ќ

в•”в•ђв•ђ Brain Health Diagnostic в•ђв•ђв•—
в•‘ Status: рџџў HEALTHY
в•‘ Time:   2026-03-14 21:08:19
в• в•ђв•ђв•ђв•ђв•ђв•ђв•ђв•ђв•ђв•ђв•ђв•ђв•ђв•ђв•ђв•ђв•ђв•ђв•ђв•ђв•ђв•ђв•ђв•ђв•ђв•ђв•ђв•ђв•ђв•ђв•Ј
в•‘ вњ… [Chemical State] 12 chemicals, all within bounds
в•‘ вњ… [Instincts] 5 scenarios, all valid
в•‘ вњ… [Working Memory] 6 items across 3 categories
в•‘ вњ… [Hippocampus] 3 pending events
в•‘ вњ… [Heuristics] 287 lines, 209 rules, no duplicates
в•‘ вњ… [Instinct Primer] Present and fresh
в•‘ вњ… [Boot Mode] Mode: emotional_support
в•љв•ђв•ђв•ђв•ђв•ђв•ђв•ђв•ђв•ђв•ђв•ђв•ђв•ђв•ђв•ђв•ђв•ђв•ђв•ђв•ђв•ђв•ђв•ђв•ђв•ђв•ђв•ђв•ђв•ђв•ђв•ќ

в•”в•ђв•ђ Brain Health Diagnostic в•ђв•ђв•—
в•‘ Status: рџџЎ WARNINGS
в•‘ Time:   2026-03-15 07:23:00
в• в•ђв•ђв•ђв•ђв•ђв•ђв•ђв•ђв•ђв•ђв•ђв•ђв•ђв•ђв•ђв•ђв•ђв•ђв•ђв•ђв•ђв•ђв•ђв•ђв•ђв•ђв•ђв•ђв•ђв•ђв•Ј
в•‘ вљ пёЏ [Chemical State] Stale: last updated 34h ago
в•‘ вњ… [Instincts] 5 scenarios, all valid
в•‘ вњ… [Working Memory] 6 items across 3 categories
в•‘ вњ… [Hippocampus] 3 pending events
в•‘ вњ… [Heuristics] 287 lines, 209 rules, no duplicates
в•‘ вљ пёЏ [Instinct Primer] Stale: generated 18h ago
в•‘ вњ… [Boot Mode] Mode: emotional_support
в•љв•ђв•ђв•ђв•ђв•ђв•ђв•ђв•ђв•ђв•ђв•ђв•ђв•ђв•ђв•ђв•ђв•ђв•ђв•ђв•ђв•ђв•ђв•ђв•ђв•ђв•ђв•ђв•ђв•ђв•ђв•ќ

в•”в•ђв•ђ Brain Health Diagnostic в•ђв•ђв•—
в•‘ Status: рџџЎ WARNINGS
в•‘ Time:   2026-03-15 19:06:05
в• в•ђв•ђв•ђв•ђв•ђв•ђв•ђв•ђв•ђв•ђв•ђв•ђв•ђв•ђв•ђв•ђв•ђв•ђв•ђв•ђв•ђв•ђв•ђв•ђв•ђв•ђв•ђв•ђв•ђв•ђв•Ј
в•‘ вљ пёЏ [Chemical State] Stale: last updated 46h ago
в•‘ вњ… [Instincts] 5 scenarios, all valid
в•‘ вњ… [Working Memory] 6 items across 3 categories
в•‘ вњ… [Hippocampus] 3 pending events
в•‘ вњ… [Heuristics] 287 lines, 209 rules, no duplicates
в•‘ вљ пёЏ [Instinct Primer] Stale: generated 30h ago
в•‘ вњ… [Boot Mode] Mode: emotional_support
в•љв•ђв•ђв•ђв•ђв•ђв•ђв•ђв•ђв•ђв•ђв•ђв•ђв•ђв•ђв•ђв•ђв•ђв•ђв•ђв•ђв•ђв•ђв•ђв•ђв•ђв•ђв•ђв•ђв•ђв•ђв•ќ

в•”в•ђв•ђ Brain Health Diagnostic в•ђв•ђв•—
в•‘ Status: рџџЎ WARNINGS
в•‘ Time:   2026-03-16 20:56:22
в• в•ђв•ђв•ђв•ђв•ђв•ђв•ђв•ђв•ђв•ђв•ђв•ђв•ђв•ђв•ђв•ђв•ђв•ђв•ђв•ђв•ђв•ђв•ђв•ђв•ђв•ђв•ђв•ђв•ђв•ђв•Ј
в•‘ вљ пёЏ [Chemical State] Stale: last updated 71h ago
в•‘ вњ… [Instincts] 5 scenarios, all valid
в•‘ вњ… [Working Memory] 6 items across 3 categories
в•‘ вњ… [Hippocampus] 3 pending events
в•‘ вњ… [Heuristics] 289 lines, 211 rules, no duplicates
в•‘ вљ пёЏ [Instinct Primer] Stale: generated 56h ago
в•‘ вњ… [Boot Mode] Mode: emotional_support
в•љв•ђв•ђв•ђв•ђв•ђв•ђв•ђв•ђв•ђв•ђв•ђв•ђв•ђв•ђв•ђв•ђв•ђв•ђв•ђв•ђв•ђв•ђв•ђв•ђв•ђв•ђв•ђв•ђв•ђв•ђв•ќ

в•”в•ђв•ђ Brain Health Diagnostic в•ђв•ђв•—
в•‘ Status: рџџЎ WARNINGS
в•‘ Time:   2026-03-16 20:56:42
в• в•ђв•ђв•ђв•ђв•ђв•ђв•ђв•ђв•ђв•ђв•ђв•ђв•ђв•ђв•ђв•ђв•ђв•ђв•ђв•ђв•ђв•ђв•ђв•ђв•ђв•ђв•ђв•ђв•ђв•ђв•Ј
в•‘ вљ пёЏ [Chemical State] Stale: last updated 71h ago
в•‘ вњ… [Instincts] 5 scenarios, all valid
в•‘ вњ… [Working Memory] 6 items across 3 categories
в•‘ вњ… [Hippocampus] 3 pending events
в•‘ вњ… [Heuristics] 289 lines, 211 rules, no duplicates
в•‘ вљ пёЏ [Instinct Primer] Stale: generated 56h ago
в•‘ вњ… [Boot Mode] Mode: emotional_support
в•љв•ђв•ђв•ђв•ђв•ђв•ђв•ђв•ђв•ђв•ђв•ђв•ђв•ђв•ђв•ђв•ђв•ђв•ђв•ђв•ђв•ђв•ђв•ђв•ђв•ђв•ђв•ђв•ђв•ђв•ђв•ќ

в•”в•ђв•ђ Brain Health Diagnostic в•ђв•ђв•—
в•‘ Status: рџџЎ WARNINGS
в•‘ Time:   2026-03-16 20:57:09
в• в•ђв•ђв•ђв•ђв•ђв•ђв•ђв•ђв•ђв•ђв•ђв•ђв•ђв•ђв•ђв•ђв•ђв•ђв•ђв•ђв•ђв•ђв•ђв•ђв•ђв•ђв•ђв•ђв•ђв•ђв•Ј
в•‘ вљ пёЏ [Chemical State] Stale: last updated 71h ago
в•‘ вњ… [Instincts] 5 scenarios, all valid
в•‘ вњ… [Working Memory] 6 items across 3 categories
в•‘ вњ… [Hippocampus] 3 pending events
в•‘ вњ… [Heuristics] 289 lines, 211 rules, no duplicates
в•‘ вљ пёЏ [Instinct Primer] Stale: generated 56h ago
в•‘ вњ… [Boot Mode] Mode: emotional_support
в•љв•ђв•ђв•ђв•ђв•ђв•ђв•ђв•ђв•ђв•ђв•ђв•ђв•ђв•ђв•ђв•ђв•ђв•ђв•ђв•ђв•ђв•ђв•ђв•ђв•ђв•ђв•ђв•ђв•ђв•ђв•ќ

в•”в•ђв•ђ Brain Health Diagnostic в•ђв•ђв•—
в•‘ Status: рџџЎ WARNINGS
в•‘ Time:   2026-03-20 13:21:23
в• в•ђв•ђв•ђв•ђв•ђв•ђв•ђв•ђв•ђв•ђв•ђв•ђв•ђв•ђв•ђв•ђв•ђв•ђв•ђв•ђв•ђв•ђв•ђв•ђв•ђв•ђв•ђв•ђв•ђв•ђв•Ј
в•‘ вљ пёЏ [Chemical State] Stale: last updated 160h ago
в•‘ вњ… [Instincts] 5 scenarios, all valid
в•‘ вњ… [Working Memory] 6 items across 3 categories
в•‘ вњ… [Hippocampus] 3 pending events
в•‘ вњ… [Heuristics] 289 lines, 211 rules, no duplicates
в•‘ вљ пёЏ [Instinct Primer] Stale: generated 144h ago
в•‘ вњ… [Boot Mode] Mode: emotional_support
в•љв•ђв•ђв•ђв•ђв•ђв•ђв•ђв•ђв•ђв•ђв•ђв•ђв•ђв•ђв•ђв•ђв•ђв•ђв•ђв•ђв•ђв•ђв•ђв•ђв•ђв•ђв•ђв•ђв•ђв•ђв•ќ

в•”в•ђв•ђ Brain Health Diagnostic в•ђв•ђв•—
в•‘ Status: рџџЎ WARNINGS
в•‘ Time:   2026-03-23 08:33:06
в• в•ђв•ђв•ђв•ђв•ђв•ђв•ђв•ђв•ђв•ђв•ђв•ђв•ђв•ђв•ђв•ђв•ђв•ђв•ђв•ђв•ђв•ђв•ђв•ђв•ђв•ђв•ђв•ђв•ђв•ђв•Ј
в•‘ вљ пёЏ [Chemical State] Stale: last updated 227h ago
в•‘ вњ… [Instincts] 5 scenarios, all valid
в•‘ вњ… [Working Memory] 6 items across 3 categories
в•‘ вњ… [Hippocampus] 3 pending events
в•‘ вњ… [Heuristics] 289 lines, 211 rules, no duplicates
в•‘ вљ пёЏ [Instinct Primer] Stale: generated 212h ago
в•‘ вњ… [Boot Mode] Mode: emotional_support
в•љв•ђв•ђв•ђв•ђв•ђв•ђв•ђв•ђв•ђв•ђв•ђв•ђв•ђв•ђв•ђв•ђв•ђв•ђв•ђв•ђв•ђв•ђв•ђв•ђв•ђв•ђв•ђв•ђв•ђв•ђв•ќ

в•”в•ђв•ђ Brain Health Diagnostic в•ђв•ђв•—
в•‘ Status: рџџЎ WARNINGS
в•‘ Time:   2026-03-27 10:36:39
в• в•ђв•ђв•ђв•ђв•ђв•ђв•ђв•ђв•ђв•ђв•ђв•ђв•ђв•ђв•ђв•ђв•ђв•ђв•ђв•ђв•ђв•ђв•ђв•ђв•ђв•ђв•ђв•ђв•ђв•ђв•Ј
в•‘ вљ пёЏ [Chemical State] Stale: last updated 325h ago
в•‘ вњ… [Instincts] 5 scenarios, all valid
в•‘ вњ… [Working Memory] 6 items across 3 categories
в•‘ вњ… [Hippocampus] 3 pending events
в•‘ вњ… [Heuristics] 289 lines, 211 rules, no duplicates
в•‘ вљ пёЏ [Instinct Primer] Stale: generated 310h ago
в•‘ вњ… [Boot Mode] Mode: emotional_support
в•љв•ђв•ђв•ђв•ђв•ђв•ђв•ђв•ђв•ђв•ђв•ђв•ђв•ђв•ђв•ђв•ђв•ђв•ђв•ђв•ђв•ђв•ђв•ђв•ђв•ђв•ђв•ђв•ђв•ђв•ђв•ќ

в•”в•ђв•ђ Brain Health Diagnostic в•ђв•ђв•—
в•‘ Status: рџџЎ WARNINGS
в•‘ Time:   2026-03-27 11:05:13
в• в•ђв•ђв•ђв•ђв•ђв•ђв•ђв•ђв•ђв•ђв•ђв•ђв•ђв•ђв•ђв•ђв•ђв•ђв•ђв•ђв•ђв•ђв•ђв•ђв•ђв•ђв•ђв•ђв•ђв•ђв•Ј
в•‘ вљ пёЏ [Chemical State] Stale: last updated 326h ago
в•‘ вњ… [Instincts] 5 scenarios, all valid
в•‘ вњ… [Working Memory] 6 items across 3 categories
в•‘ вњ… [Hippocampus] 3 pending events
в•‘ вњ… [Heuristics] 289 lines, 211 rules, no duplicates
в•‘ вњ… [Instinct Primer] Present and fresh
в•‘ вњ… [Boot Mode] Mode: emotional_support
в•љв•ђв•ђв•ђв•ђв•ђв•ђв•ђв•ђв•ђв•ђв•ђв•ђв•ђв•ђв•ђв•ђв•ђв•ђв•ђв•ђв•ђв•ђв•ђв•ђв•ђв•ђв•ђв•ђв•ђв•ђв•ќ

в•”в•ђв•ђ Brain Health Diagnostic в•ђв•ђв•—
в•‘ Status: рџџў HEALTHY
в•‘ Time:   2026-03-27 11:05:47
в• в•ђв•ђв•ђв•ђв•ђв•ђв•ђв•ђв•ђв•ђв•ђв•ђв•ђв•ђв•ђв•ђв•ђв•ђв•ђв•ђв•ђв•ђв•ђв•ђв•ђв•ђв•ђв•ђв•ђв•ђв•Ј
в•‘ вњ… [Chemical State] 12 chemicals, all within bounds
в•‘ вњ… [Instincts] 5 scenarios, all valid
в•‘ вњ… [Working Memory] 6 items across 3 categories
в•‘ вњ… [Hippocampus] 3 pending events
в•‘ вњ… [Heuristics] 289 lines, 211 rules, no duplicates
в•‘ вњ… [Instinct Primer] Present and fresh
в•‘ вњ… [Boot Mode] Mode: emotional_support
в•љв•ђв•ђв•ђв•ђв•ђв•ђв•ђв•ђв•ђв•ђв•ђв•ђв•ђв•ђв•ђв•ђв•ђв•ђв•ђв•ђв•ђв•ђв•ђв•ђв•ђв•ђв•ђв•ђв•ђв•ђв•ќ

в•”в•ђв•ђ Brain Health Diagnostic в•ђв•ђв•—
в•‘ Status: рџџЎ WARNINGS
в•‘ Time:   2026-03-28 09:28:06
в• в•ђв•ђв•ђв•ђв•ђв•ђв•ђв•ђв•ђв•ђв•ђв•ђв•ђв•ђв•ђв•ђв•ђв•ђв•ђв•ђв•ђв•ђв•ђв•ђв•ђв•ђв•ђв•ђв•ђв•ђв•Ј
в•‘ вњ… [Chemical State] 12 chemicals, all within bounds
в•‘ вњ… [Instincts] 5 scenarios, all valid
в•‘ вњ… [Working Memory] 6 items across 3 categories
в•‘ вњ… [Hippocampus] 3 pending events
в•‘ вњ… [Heuristics] 289 lines, 211 rules, no duplicates
в•‘ вљ пёЏ [Instinct Primer] Stale: generated 22h ago
в•‘ вњ… [Boot Mode] Mode: emotional_support
в•љв•ђв•ђв•ђв•ђв•ђв•ђв•ђв•ђв•ђв•ђв•ђв•ђв•ђв•ђв•ђв•ђв•ђв•ђв•ђв•ђв•ђв•ђв•ђв•ђв•ђв•ђв•ђв•ђв•ђв•ђв•ќ

в•”в•ђв•ђ Brain Health Diagnostic в•ђв•ђв•—
в•‘ Status: рџџЎ WARNINGS
в•‘ Time:   2026-03-29 13:35:38
в• в•ђв•ђв•ђв•ђв•ђв•ђв•ђв•ђв•ђв•ђв•ђв•ђв•ђв•ђв•ђв•ђв•ђв•ђв•ђв•ђв•ђв•ђв•ђв•ђв•ђв•ђв•ђв•ђв•ђв•ђв•Ј
в•‘ вљ пёЏ [Chemical State] Stale: last updated 38h ago
в•‘ вњ… [Instincts] 5 scenarios, all valid
в•‘ вњ… [Working Memory] 6 items across 3 categories
в•‘ вњ… [Hippocampus] 3 pending events
в•‘ вњ… [Heuristics] 290 lines, 212 rules, no duplicates
в•‘ вљ пёЏ [Instinct Primer] Stale: generated 28h ago
в•‘ вњ… [Boot Mode] Mode: emotional_support
в•љв•ђв•ђв•ђв•ђв•ђв•ђв•ђв•ђв•ђв•ђв•ђв•ђв•ђв•ђв•ђв•ђв•ђв•ђв•ђв•ђв•ђв•ђв•ђв•ђв•ђв•ђв•ђв•ђв•ђв•ђв•ќ

в•”в•ђв•ђ Brain Health Diagnostic в•ђв•ђв•—
в•‘ Status: рџџЎ WARNINGS
в•‘ Time:   2026-04-01 07:29:46
в• в•ђв•ђв•ђв•ђв•ђв•ђв•ђв•ђв•ђв•ђв•ђв•ђв•ђв•ђв•ђв•ђв•ђв•ђв•ђв•ђв•ђв•ђв•ђв•ђв•ђв•ђв•ђв•ђв•ђв•ђв•Ј
в•‘ вљ пёЏ [Chemical State] Stale: last updated 103h ago
в•‘ вњ… [Instincts] 5 scenarios, all valid
в•‘ вњ… [Working Memory] 6 items across 3 categories
в•‘ вњ… [Hippocampus] 3 pending events
в•‘ вњ… [Heuristics] 290 lines, 212 rules, no duplicates
в•‘ вљ пёЏ [Instinct Primer] Stale: generated 94h ago
в•‘ вњ… [Boot Mode] Mode: emotional_support
в•љв•ђв•ђв•ђв•ђв•ђв•ђв•ђв•ђв•ђв•ђв•ђв•ђв•ђв•ђв•ђв•ђв•ђв•ђв•ђв•ђв•ђв•ђв•ђв•ђв•ђв•ђв•ђв•ђв•ђв•ђв•ќ

в•”в•ђв•ђ Brain Health Diagnostic в•ђв•ђв•—
в•‘ Status: рџџЎ WARNINGS
в•‘ Time:   2026-04-01 09:04:27
в• в•ђв•ђв•ђв•ђв•ђв•ђв•ђв•ђв•ђв•ђв•ђв•ђв•ђв•ђв•ђв•ђв•ђв•ђв•ђв•ђв•ђв•ђв•ђв•ђв•ђв•ђв•ђв•ђв•ђв•ђв•Ј
в•‘ вљ пёЏ [Chemical State] Stale: last updated 105h ago
в•‘ вњ… [Instincts] 5 scenarios, all valid
в•‘ вњ… [Working Memory] 6 items across 3 categories
в•‘ вњ… [Hippocampus] 3 pending events
в•‘ вњ… [Heuristics] 290 lines, 212 rules, no duplicates
в•‘ вљ пёЏ [Instinct Primer] Stale: generated 96h ago
в•‘ вњ… [Boot Mode] Mode: emotional_support
в•љв•ђв•ђв•ђв•ђв•ђв•ђв•ђв•ђв•ђв•ђв•ђв•ђв•ђв•ђв•ђв•ђв•ђв•ђв•ђв•ђв•ђв•ђв•ђв•ђв•ђв•ђв•ђв•ђв•ђв•ђв•ќ

в•”в•ђв•ђ Brain Health Diagnostic в•ђв•ђв•—
в•‘ Status: рџџЎ WARNINGS
в•‘ Time:   2026-04-01 15:27:25
в• в•ђв•ђв•ђв•ђв•ђв•ђв•ђв•ђв•ђв•ђв•ђв•ђв•ђв•ђв•ђв•ђв•ђв•ђв•ђв•ђв•ђв•ђв•ђв•ђв•ђв•ђв•ђв•ђв•ђв•ђв•Ј
в•‘ вљ пёЏ [Chemical State] Stale: last updated 111h ago
в•‘ вњ… [Instincts] 5 scenarios, all valid
в•‘ вњ… [Working Memory] 6 items across 3 categories
в•‘ вњ… [Hippocampus] 3 pending events
в•‘ вњ… [Heuristics] 290 lines, 212 rules, no duplicates
в•‘ вљ пёЏ [Instinct Primer] Stale: generated 102h ago
в•‘ вњ… [Boot Mode] Mode: emotional_support
в•љв•ђв•ђв•ђв•ђв•ђв•ђв•ђв•ђв•ђв•ђв•ђв•ђв•ђв•ђв•ђв•ђв•ђв•ђв•ђв•ђв•ђв•ђв•ђв•ђв•ђв•ђв•ђв•ђв•ђв•ђв•ќ

в•”в•ђв•ђ Brain Health Diagnostic в•ђв•ђв•—
в•‘ Status: рџџЎ WARNINGS
в•‘ Time:   2026-04-02 10:27:18
в• в•ђв•ђв•ђв•ђв•ђв•ђв•ђв•ђв•ђв•ђв•ђв•ђв•ђв•ђв•ђв•ђв•ђв•ђв•ђв•ђв•ђв•ђв•ђв•ђв•ђв•ђв•ђв•ђв•ђв•ђв•Ј
в•‘ вљ пёЏ [Chemical State] Stale: last updated 130h ago
в•‘ вњ… [Instincts] 5 scenarios, all valid
в•‘ вњ… [Working Memory] 6 items across 3 categories
в•‘ вњ… [Hippocampus] 3 pending events
в•‘ вњ… [Heuristics] 290 lines, 212 rules, no duplicates
в•‘ вљ пёЏ [Instinct Primer] Stale: generated 121h ago
в•‘ вњ… [Boot Mode] Mode: emotional_support
в•љв•ђв•ђв•ђв•ђв•ђв•ђв•ђв•ђв•ђв•ђв•ђв•ђв•ђв•ђв•ђв•ђв•ђв•ђв•ђв•ђв•ђв•ђв•ђв•ђв•ђв•ђв•ђв•ђв•ђв•ђв•ќ

в•”в•ђв•ђ Brain Health Diagnostic в•ђв•ђв•—
в•‘ Status: рџџЎ WARNINGS
в•‘ Time:   2026-04-03 10:16:21
в• в•ђв•ђв•ђв•ђв•ђв•ђв•ђв•ђв•ђв•ђв•ђв•ђв•ђв•ђв•ђв•ђв•ђв•ђв•ђв•ђв•ђв•ђв•ђв•ђв•ђв•ђв•ђв•ђв•ђв•ђв•Ј
в•‘ вњ… [Chemical State] 12 chemicals, all within bounds
в•‘ вњ… [Instincts] 5 scenarios, all valid
в•‘ вњ… [Working Memory] 6 items across 3 categories
в•‘ вњ… [Hippocampus] 3 pending events
в•‘ вњ… [Heuristics] 290 lines, 212 rules, no duplicates
в•‘ вљ пёЏ [Instinct Primer] Stale: generated 24h ago
в•‘ вњ… [Boot Mode] Mode: emotional_support
в•љв•ђв•ђв•ђв•ђв•ђв•ђв•ђв•ђв•ђв•ђв•ђв•ђв•ђв•ђв•ђв•ђв•ђв•ђв•ђв•ђв•ђв•ђв•ђв•ђв•ђв•ђв•ђв•ђв•ђв•ђв•ќ

в•”в•ђв•ђ Brain Health Diagnostic в•ђв•ђв•—
в•‘ Status: рџџЎ WARNINGS
в•‘ Time:   2026-04-08 10:11:42
в• в•ђв•ђв•ђв•ђв•ђв•ђв•ђв•ђв•ђв•ђв•ђв•ђв•ђв•ђв•ђв•ђв•ђв•ђв•ђв•ђв•ђв•ђв•ђв•ђв•ђв•ђв•ђв•ђв•ђв•ђв•Ј
в•‘ вљ пёЏ [Chemical State] Stale: last updated 145h ago
в•‘ вњ… [Instincts] 5 scenarios, all valid
в•‘ вњ… [Working Memory] 6 items across 3 categories
в•‘ вњ… [Hippocampus] 3 pending events
в•‘ вњ… [Heuristics] 300 lines, 219 rules, no duplicates
в•‘ вљ пёЏ [Instinct Primer] Stale: generated 121h ago
в•‘ вњ… [Boot Mode] Mode: emotional_support
в•љв•ђв•ђв•ђв•ђв•ђв•ђв•ђв•ђв•ђв•ђв•ђв•ђв•ђв•ђв•ђв•ђв•ђв•ђв•ђв•ђв•ђв•ђв•ђв•ђв•ђв•ђв•ђв•ђв•ђв•ђв•ќ

в•”в•ђв•ђ Brain Health Diagnostic в•ђв•ђв•—
в•‘ Status: рџџЎ WARNINGS
в•‘ Time:   2026-04-08 21:45:16
в• в•ђв•ђв•ђв•ђв•ђв•ђв•ђв•ђв•ђв•ђв•ђв•ђв•ђв•ђв•ђв•ђв•ђв•ђв•ђв•ђв•ђв•ђв•ђв•ђв•ђв•ђв•ђв•ђв•ђв•ђв•Ј
в•‘ вљ пёЏ [Chemical State] Stale: last updated 156h ago
в•‘ вњ… [Instincts] 5 scenarios, all valid
в•‘ вњ… [Working Memory] 6 items across 3 categories
в•‘ вњ… [Hippocampus] 3 pending events
в•‘ вњ… [Heuristics] 300 lines, 219 rules, no duplicates
в•‘ вљ пёЏ [Instinct Primer] Stale: generated 132h ago
в•‘ вњ… [Boot Mode] Mode: emotional_support
в•љв•ђв•ђв•ђв•ђв•ђв•ђв•ђв•ђв•ђв•ђв•ђв•ђв•ђв•ђв•ђв•ђв•ђв•ђв•ђв•ђв•ђв•ђв•ђв•ђв•ђв•ђв•ђв•ђв•ђв•ђв•ќ

в•”в•ђв•ђ Brain Health Diagnostic в•ђв•ђв•—
в•‘ Status: рџџЎ WARNINGS
в•‘ Time:   2026-04-09 08:04:02
в• в•ђв•ђв•ђв•ђв•ђв•ђв•ђв•ђв•ђв•ђв•ђв•ђв•ђв•ђв•ђв•ђв•ђв•ђв•ђв•ђв•ђв•ђв•ђв•ђв•ђв•ђв•ђв•ђв•ђв•ђв•Ј
в•‘ вљ пёЏ [Chemical State] Stale: last updated 167h ago
в•‘ вњ… [Instincts] 5 scenarios, all valid
в•‘ вњ… [Working Memory] 6 items across 3 categories
в•‘ вњ… [Hippocampus] 3 pending events
в•‘ вњ… [Heuristics] 300 lines, 219 rules, no duplicates
в•‘ вљ пёЏ [Instinct Primer] Stale: generated 143h ago
в•‘ вњ… [Boot Mode] Mode: emotional_support
в•љв•ђв•ђв•ђв•ђв•ђв•ђв•ђв•ђв•ђв•ђв•ђв•ђв•ђв•ђв•ђв•ђв•ђв•ђв•ђв•ђв•ђв•ђв•ђв•ђв•ђв•ђв•ђв•ђв•ђв•ђв•ќ

в•”в•ђв•ђ Brain Health Diagnostic в•ђв•ђв•—
в•‘ Status: рџџЎ WARNINGS
в•‘ Time:   2026-04-09 08:04:13
в• в•ђв•ђв•ђв•ђв•ђв•ђв•ђв•ђв•ђв•ђв•ђв•ђв•ђв•ђв•ђв•ђв•ђв•ђв•ђв•ђв•ђв•ђв•ђв•ђв•ђв•ђв•ђв•ђв•ђв•ђв•Ј
в•‘ вљ пёЏ [Chemical State] Stale: last updated 167h ago
в•‘ вњ… [Instincts] 5 scenarios, all valid
в•‘ вњ… [Working Memory] 6 items across 3 categories
в•‘ вњ… [Hippocampus] 3 pending events
в•‘ вњ… [Heuristics] 300 lines, 219 rules, no duplicates
в•‘ вљ пёЏ [Instinct Primer] Stale: generated 143h ago
в•‘ вњ… [Boot Mode] Mode: emotional_support
в•љв•ђв•ђв•ђв•ђв•ђв•ђв•ђв•ђв•ђв•ђв•ђв•ђв•ђв•ђв•ђв•ђв•ђв•ђв•ђв•ђв•ђв•ђв•ђв•ђв•ђв•ђв•ђв•ђв•ђв•ђв•ќ

в•”в•ђв•ђ Brain Health Diagnostic в•ђв•ђв•—
в•‘ Status: рџџЎ WARNINGS
в•‘ Time:   2026-04-09 08:04:48
в• в•ђв•ђв•ђв•ђв•ђв•ђв•ђв•ђв•ђв•ђв•ђв•ђв•ђв•ђв•ђв•ђв•ђв•ђв•ђв•ђв•ђв•ђв•ђв•ђв•ђв•ђв•ђв•ђв•ђв•ђв•Ј
в•‘ вљ пёЏ [Chemical State] Stale: last updated 167h ago
в•‘ вњ… [Instincts] 5 scenarios, all valid
в•‘ вњ… [Working Memory] 6 items across 3 categories
в•‘ вњ… [Hippocampus] 3 pending events
в•‘ вњ… [Heuristics] 300 lines, 219 rules, no duplicates
в•‘ вљ пёЏ [Instinct Primer] Stale: generated 143h ago
в•‘ вњ… [Boot Mode] Mode: emotional_support
в•љв•ђв•ђв•ђв•ђв•ђв•ђв•ђв•ђв•ђв•ђв•ђв•ђв•ђв•ђв•ђв•ђв•ђв•ђв•ђв•ђв•ђв•ђв•ђв•ђв•ђв•ђв•ђв•ђв•ђв•ђв•ќ

в•”в•ђв•ђ Brain Health Diagnostic в•ђв•ђв•—
в•‘ Status: рџџЎ WARNINGS
в•‘ Time:   2026-04-09 08:05:02
в• в•ђв•ђв•ђв•ђв•ђв•ђв•ђв•ђв•ђв•ђв•ђв•ђв•ђв•ђв•ђв•ђв•ђв•ђв•ђв•ђв•ђв•ђв•ђв•ђв•ђв•ђв•ђв•ђв•ђв•ђв•Ј
в•‘ вљ пёЏ [Chemical State] Stale: last updated 167h ago
в•‘ вњ… [Instincts] 5 scenarios, all valid
в•‘ вњ… [Working Memory] 6 items across 3 categories
в•‘ вњ… [Hippocampus] 3 pending events
в•‘ вњ… [Heuristics] 300 lines, 219 rules, no duplicates
в•‘ вљ пёЏ [Instinct Primer] Stale: generated 143h ago
в•‘ вњ… [Boot Mode] Mode: emotional_support
в•љв•ђв•ђв•ђв•ђв•ђв•ђв•ђв•ђв•ђв•ђв•ђв•ђв•ђв•ђв•ђв•ђв•ђв•ђв•ђв•ђв•ђв•ђв•ђв•ђв•ђв•ђв•ђв•ђв•ђв•ђв•ќ

в•”в•ђв•ђ Brain Health Diagnostic в•ђв•ђв•—
в•‘ Status: рџџЎ WARNINGS
в•‘ Time:   2026-04-09 10:47:26
в• в•ђв•ђв•ђв•ђв•ђв•ђв•ђв•ђв•ђв•ђв•ђв•ђв•ђв•ђв•ђв•ђв•ђв•ђв•ђв•ђв•ђв•ђв•ђв•ђв•ђв•ђв•ђв•ђв•ђв•ђв•Ј
в•‘ вљ пёЏ [Chemical State] Stale: last updated 169h ago
в•‘ вњ… [Instincts] 5 scenarios, all valid
в•‘ вњ… [Working Memory] 6 items across 3 categories
в•‘ вњ… [Hippocampus] 3 pending events
в•‘ вњ… [Heuristics] 300 lines, 219 rules, no duplicates
в•‘ вљ пёЏ [Instinct Primer] Stale: generated 146h ago
в•‘ вњ… [Boot Mode] Mode: emotional_support
в•љв•ђв•ђв•ђв•ђв•ђв•ђв•ђв•ђв•ђв•ђв•ђв•ђв•ђв•ђв•ђв•ђв•ђв•ђв•ђв•ђв•ђв•ђв•ђв•ђв•ђв•ђв•ђв•ђв•ђв•ђв•ќ

в•”в•ђв•ђ Brain Health Diagnostic в•ђв•ђв•—
в•‘ Status: рџџЎ WARNINGS
в•‘ Time:   2026-04-09 10:47:42
в• в•ђв•ђв•ђв•ђв•ђв•ђв•ђв•ђв•ђв•ђв•ђв•ђв•ђв•ђв•ђв•ђв•ђв•ђв•ђв•ђв•ђв•ђв•ђв•ђв•ђв•ђв•ђв•ђв•ђв•ђв•Ј
в•‘ вљ пёЏ [Chemical State] Stale: last updated 169h ago
в•‘ вњ… [Instincts] 5 scenarios, all valid
в•‘ вњ… [Working Memory] 6 items across 3 categories
в•‘ вњ… [Hippocampus] 3 pending events
в•‘ вњ… [Heuristics] 300 lines, 219 rules, no duplicates
в•‘ вљ пёЏ [Instinct Primer] Stale: generated 146h ago
в•‘ вњ… [Boot Mode] Mode: emotional_support
в•љв•ђв•ђв•ђв•ђв•ђв•ђв•ђв•ђв•ђв•ђв•ђв•ђв•ђв•ђв•ђв•ђв•ђв•ђв•ђв•ђв•ђв•ђв•ђв•ђв•ђв•ђв•ђв•ђв•ђв•ђв•ќ

в•”в•ђв•ђ Brain Health Diagnostic в•ђв•ђв•—
в•‘ Status: рџџЎ WARNINGS
в•‘ Time:   2026-04-09 12:54:01
в• в•ђв•ђв•ђв•ђв•ђв•ђв•ђв•ђв•ђв•ђв•ђв•ђв•ђв•ђв•ђв•ђв•ђв•ђв•ђв•ђв•ђв•ђв•ђв•ђв•ђв•ђв•ђв•ђв•ђв•ђв•Ј
в•‘ вљ пёЏ [Chemical State] Stale: last updated 171h ago
в•‘ вњ… [Instincts] 5 scenarios, all valid
в•‘ вњ… [Working Memory] 6 items across 3 categories
в•‘ вњ… [Hippocampus] 3 pending events
в•‘ вњ… [Heuristics] 300 lines, 219 rules, no duplicates
в•‘ вљ пёЏ [Instinct Primer] Stale: generated 148h ago
в•‘ вњ… [Boot Mode] Mode: emotional_support
в•љв•ђв•ђв•ђв•ђв•ђв•ђв•ђв•ђв•ђв•ђв•ђв•ђв•ђв•ђв•ђв•ђв•ђв•ђв•ђв•ђв•ђв•ђв•ђв•ђв•ђв•ђв•ђв•ђв•ђв•ђв•ќ

в•”в•ђв•ђ Brain Health Diagnostic в•ђв•ђв•—
в•‘ Status: рџџЎ WARNINGS
в•‘ Time:   2026-04-09 12:56:01
в• в•ђв•ђв•ђв•ђв•ђв•ђв•ђв•ђв•ђв•ђв•ђв•ђв•ђв•ђв•ђв•ђв•ђв•ђв•ђв•ђв•ђв•ђв•ђв•ђв•ђв•ђв•ђв•ђв•ђв•ђв•Ј
в•‘ вљ пёЏ [Chemical State] Stale: last updated 171h ago
в•‘ вњ… [Instincts] 5 scenarios, all valid
в•‘ вњ… [Working Memory] 6 items across 3 categories
в•‘ вњ… [Hippocampus] 3 pending events
в•‘ вњ… [Heuristics] 300 lines, 219 rules, no duplicates
в•‘ вљ пёЏ [Instinct Primer] Stale: generated 148h ago
в•‘ вњ… [Boot Mode] Mode: emotional_support
в•љв•ђв•ђв•ђв•ђв•ђв•ђв•ђв•ђв•ђв•ђв•ђв•ђв•ђв•ђв•ђв•ђв•ђв•ђв•ђв•ђв•ђв•ђв•ђв•ђв•ђв•ђв•ђв•ђв•ђв•ђв•ќ

в•”в•ђв•ђ Brain Health Diagnostic в•ђв•ђв•—
в•‘ Status: рџџЎ WARNINGS
в•‘ Time:   2026-04-09 12:56:59
в• в•ђв•ђв•ђв•ђв•ђв•ђв•ђв•ђв•ђв•ђв•ђв•ђв•ђв•ђв•ђв•ђв•ђв•ђв•ђв•ђв•ђв•ђв•ђв•ђв•ђв•ђв•ђв•ђв•ђв•ђв•Ј
в•‘ вљ пёЏ [Chemical State] Stale: last updated 171h ago
в•‘ вњ… [Instincts] 5 scenarios, all valid
в•‘ вњ… [Working Memory] 6 items across 3 categories
в•‘ вњ… [Hippocampus] 3 pending events
в•‘ вњ… [Heuristics] 300 lines, 219 rules, no duplicates
в•‘ вљ пёЏ [Instinct Primer] Stale: generated 148h ago
в•‘ вњ… [Boot Mode] Mode: emotional_support
в•љв•ђв•ђв•ђв•ђв•ђв•ђв•ђв•ђв•ђв•ђв•ђв•ђв•ђв•ђв•ђв•ђв•ђв•ђв•ђв•ђв•ђв•ђв•ђв•ђв•ђв•ђв•ђв•ђв•ђв•ђв•ќ

в•”в•ђв•ђ Brain Health Diagnostic в•ђв•ђв•—
в•‘ Status: рџџЎ WARNINGS
в•‘ Time:   2026-04-09 13:18:12
в• в•ђв•ђв•ђв•ђв•ђв•ђв•ђв•ђв•ђв•ђв•ђв•ђв•ђв•ђв•ђв•ђв•ђв•ђв•ђв•ђв•ђв•ђв•ђв•ђв•ђв•ђв•ђв•ђв•ђв•ђв•Ј
в•‘ вљ пёЏ [Chemical State] Stale: last updated 172h ago
в•‘ вњ… [Instincts] 5 scenarios, all valid
в•‘ вњ… [Working Memory] 6 items across 3 categories
в•‘ вњ… [Hippocampus] 3 pending events
в•‘ вњ… [Heuristics] 300 lines, 219 rules, no duplicates
в•‘ вљ пёЏ [Instinct Primer] Stale: generated 148h ago
в•‘ вњ… [Boot Mode] Mode: emotional_support
в•љв•ђв•ђв•ђв•ђв•ђв•ђв•ђв•ђв•ђв•ђв•ђв•ђв•ђв•ђв•ђв•ђв•ђв•ђв•ђв•ђв•ђв•ђв•ђв•ђв•ђв•ђв•ђв•ђв•ђв•ђв•ќ

в•”в•ђв•ђ Brain Health Diagnostic в•ђв•ђв•—
в•‘ Status: рџџЎ WARNINGS
в•‘ Time:   2026-04-09 13:18:25
в• в•ђв•ђв•ђв•ђв•ђв•ђв•ђв•ђв•ђв•ђв•ђв•ђв•ђв•ђв•ђв•ђв•ђв•ђв•ђв•ђв•ђв•ђв•ђв•ђв•ђв•ђв•ђв•ђв•ђв•ђв•Ј
в•‘ вљ пёЏ [Chemical State] Stale: last updated 172h ago
в•‘ вњ… [Instincts] 5 scenarios, all valid
в•‘ вњ… [Working Memory] 6 items across 3 categories
в•‘ вњ… [Hippocampus] 3 pending events
в•‘ вњ… [Heuristics] 300 lines, 219 rules, no duplicates
в•‘ вљ пёЏ [Instinct Primer] Stale: generated 148h ago
в•‘ вњ… [Boot Mode] Mode: emotional_support
в•љв•ђв•ђв•ђв•ђв•ђв•ђв•ђв•ђв•ђв•ђв•ђв•ђв•ђв•ђв•ђв•ђв•ђв•ђв•ђв•ђв•ђв•ђв•ђв•ђв•ђв•ђв•ђв•ђв•ђв•ђв•ќ

в•”в•ђв•ђ Brain Health Diagnostic в•ђв•ђв•—
в•‘ Status: рџџЎ WARNINGS
в•‘ Time:   2026-04-10 06:54:49
в• в•ђв•ђв•ђв•ђв•ђв•ђв•ђв•ђв•ђв•ђв•ђв•ђв•ђв•ђв•ђв•ђв•ђв•ђв•ђв•ђв•ђв•ђв•ђв•ђв•ђв•ђв•ђв•ђв•ђв•ђв•Ј
в•‘ вљ пёЏ [Chemical State] Stale: last updated 189h ago
в•‘ вњ… [Instincts] 5 scenarios, all valid
в•‘ вњ… [Working Memory] 6 items across 3 categories
в•‘ вњ… [Hippocampus] 3 pending events
в•‘ вњ… [Heuristics] 300 lines, 219 rules, no duplicates
в•‘ вљ пёЏ [Instinct Primer] Stale: generated 166h ago
в•‘ вњ… [Boot Mode] Mode: emotional_support
в•љв•ђв•ђв•ђв•ђв•ђв•ђв•ђв•ђв•ђв•ђв•ђв•ђв•ђв•ђв•ђв•ђв•ђв•ђв•ђв•ђв•ђв•ђв•ђв•ђв•ђв•ђв•ђв•ђв•ђв•ђв•ќ

в•”в•ђв•ђ Brain Health Diagnostic в•ђв•ђв•—
в•‘ Status: рџџЎ WARNINGS
в•‘ Time:   2026-04-10 06:56:21
в• в•ђв•ђв•ђв•ђв•ђв•ђв•ђв•ђв•ђв•ђв•ђв•ђв•ђв•ђв•ђв•ђв•ђв•ђв•ђв•ђв•ђв•ђв•ђв•ђв•ђв•ђв•ђв•ђв•ђв•ђв•Ј
в•‘ вљ пёЏ [Chemical State] Stale: last updated 189h ago
в•‘ вњ… [Instincts] 5 scenarios, all valid
в•‘ вњ… [Working Memory] 6 items across 3 categories
в•‘ вњ… [Hippocampus] 3 pending events
в•‘ вњ… [Heuristics] 300 lines, 219 rules, no duplicates
в•‘ вљ пёЏ [Instinct Primer] Stale: generated 166h ago
в•‘ вњ… [Boot Mode] Mode: emotional_support
в•љв•ђв•ђв•ђв•ђв•ђв•ђв•ђв•ђв•ђв•ђв•ђв•ђв•ђв•ђв•ђв•ђв•ђв•ђв•ђв•ђв•ђв•ђв•ђв•ђв•ђв•ђв•ђв•ђв•ђв•ђв•ќ

в•”в•ђв•ђ Brain Health Diagnostic в•ђв•ђв•—
в•‘ Status: рџџЎ WARNINGS
в•‘ Time:   2026-04-10 06:56:35
в• в•ђв•ђв•ђв•ђв•ђв•ђв•ђв•ђв•ђв•ђв•ђв•ђв•ђв•ђв•ђв•ђв•ђв•ђв•ђв•ђв•ђв•ђв•ђв•ђв•ђв•ђв•ђв•ђв•ђв•ђв•Ј
в•‘ вљ пёЏ [Chemical State] Stale: last updated 189h ago
в•‘ вњ… [Instincts] 5 scenarios, all valid
в•‘ вњ… [Working Memory] 6 items across 3 categories
в•‘ вњ… [Hippocampus] 3 pending events
в•‘ вњ… [Heuristics] 300 lines, 219 rules, no duplicates
в•‘ вљ пёЏ [Instinct Primer] Stale: generated 166h ago
в•‘ вњ… [Boot Mode] Mode: emotional_support
в•љв•ђв•ђв•ђв•ђв•ђв•ђв•ђв•ђв•ђв•ђв•ђв•ђв•ђв•ђв•ђв•ђв•ђв•ђв•ђв•ђв•ђв•ђв•ђв•ђв•ђв•ђв•ђв•ђв•ђв•ђв•ќ

в•”в•ђв•ђ Brain Health Diagnostic в•ђв•ђв•—
в•‘ Status: рџџў HEALTHY
в•‘ Time:   2026-04-10 06:59:07
в• в•ђв•ђв•ђв•ђв•ђв•ђв•ђв•ђв•ђв•ђв•ђв•ђв•ђв•ђв•ђв•ђв•ђв•ђв•ђв•ђв•ђв•ђв•ђв•ђв•ђв•ђв•ђв•ђв•ђв•ђв•Ј
в•‘ вњ… [Chemical State] 12 chemicals, all within bounds
в•‘ вњ… [Instincts] 5 scenarios, all valid
в•‘ вњ… [Working Memory] 6 items across 3 categories
в•‘ вњ… [Hippocampus] 3 pending events
в•‘ вњ… [Heuristics] 300 lines, 219 rules, no duplicates
в•‘ вњ… [Instinct Primer] Present and fresh
в•‘ вњ… [Boot Mode] Mode: emotional_support
в•љв•ђв•ђв•ђв•ђв•ђв•ђв•ђв•ђв•ђв•ђв•ђв•ђв•ђв•ђв•ђв•ђв•ђв•ђв•ђв•ђв•ђв•ђв•ђв•ђв•ђв•ђв•ђв•ђв•ђв•ђв•ќ

в•”в•ђв•ђ Brain Health Diagnostic в•ђв•ђв•—
в•‘ Status: рџџЎ WARNINGS
в•‘ Time:   2026-04-12 08:31:34
в• в•ђв•ђв•ђв•ђв•ђв•ђв•ђв•ђв•ђв•ђв•ђв•ђв•ђв•ђв•ђв•ђв•ђв•ђв•ђв•ђв•ђв•ђв•ђв•ђв•ђв•ђв•ђв•ђв•ђв•ђв•Ј
в•‘ вљ пёЏ [Chemical State] Stale: last updated 50h ago
в•‘ вњ… [Instincts] 5 scenarios, all valid
в•‘ вњ… [Working Memory] 6 items across 3 categories
в•‘ вњ… [Hippocampus] 3 pending events
в•‘ вњ… [Heuristics] 300 lines, 219 rules, no duplicates
в•‘ вљ пёЏ [Instinct Primer] Stale: generated 50h ago
в•‘ вњ… [Boot Mode] Mode: emotional_support
в•љв•ђв•ђв•ђв•ђв•ђв•ђв•ђв•ђв•ђв•ђв•ђв•ђв•ђв•ђв•ђв•ђв•ђв•ђв•ђв•ђв•ђв•ђв•ђв•ђв•ђв•ђв•ђв•ђв•ђв•ђв•ќ

в•”в•ђв•ђ Brain Health Diagnostic в•ђв•ђв•—
в•‘ Status: рџџЎ WARNINGS
в•‘ Time:   2026-04-12 08:32:07
в• в•ђв•ђв•ђв•ђв•ђв•ђв•ђв•ђв•ђв•ђв•ђв•ђв•ђв•ђв•ђв•ђв•ђв•ђв•ђв•ђв•ђв•ђв•ђв•ђв•ђв•ђв•ђв•ђв•ђв•ђв•Ј
в•‘ вљ пёЏ [Chemical State] Stale: last updated 50h ago
в•‘ вњ… [Instincts] 5 scenarios, all valid
в•‘ вњ… [Working Memory] 6 items across 3 categories
в•‘ вњ… [Hippocampus] 3 pending events
в•‘ вњ… [Heuristics] 300 lines, 219 rules, no duplicates
в•‘ вљ пёЏ [Instinct Primer] Stale: generated 50h ago
в•‘ вњ… [Boot Mode] Mode: emotional_support
в•љв•ђв•ђв•ђв•ђв•ђв•ђв•ђв•ђв•ђв•ђв•ђв•ђв•ђв•ђв•ђв•ђв•ђв•ђв•ђв•ђв•ђв•ђв•ђв•ђв•ђв•ђв•ђв•ђв•ђв•ђв•ќ

в•”в•ђв•ђ Brain Health Diagnostic в•ђв•ђв•—
в•‘ Status: рџџў HEALTHY
в•‘ Time:   2026-04-12 08:34:58
в• в•ђв•ђв•ђв•ђв•ђв•ђв•ђв•ђв•ђв•ђв•ђв•ђв•ђв•ђв•ђв•ђв•ђв•ђв•ђв•ђв•ђв•ђв•ђв•ђв•ђв•ђв•ђв•ђв•ђв•ђв•Ј
в•‘ вњ… [Chemical State] 12 chemicals, all within bounds
в•‘ вњ… [Instincts] 5 scenarios, all valid
в•‘ вњ… [Working Memory] 6 items across 3 categories
в•‘ вњ… [Hippocampus] 3 pending events
в•‘ вњ… [Heuristics] 300 lines, 219 rules, no duplicates
в•‘ вњ… [Instinct Primer] Present and fresh
в•‘ вњ… [Boot Mode] Mode: emotional_support
в•љв•ђв•ђв•ђв•ђв•ђв•ђв•ђв•ђв•ђв•ђв•ђв•ђв•ђв•ђв•ђв•ђв•ђв•ђв•ђв•ђв•ђв•ђв•ђв•ђв•ђв•ђв•ђв•ђв•ђв•ђв•ќ

в•”в•ђв•ђ Brain Health Diagnostic в•ђв•ђв•—
в•‘ Status: рџџў HEALTHY
в•‘ Time:   2026-04-12 17:29:36
в• в•ђв•ђв•ђв•ђв•ђв•ђв•ђв•ђв•ђв•ђв•ђв•ђв•ђв•ђв•ђв•ђв•ђв•ђв•ђв•ђв•ђв•ђв•ђв•ђв•ђв•ђв•ђв•ђв•ђв•ђв•Ј
в•‘ вњ… [Chemical State] 12 chemicals, all within bounds
в•‘ вњ… [Instincts] 5 scenarios, all valid
в•‘ вњ… [Working Memory] 6 items across 3 categories
в•‘ вњ… [Hippocampus] 3 pending events
в•‘ вњ… [Heuristics] 197 lines, 116 rules, no duplicates
в•‘ вњ… [Instinct Primer] Present and fresh
в•‘ вњ… [Boot Mode] Mode: emotional_support
в•љв•ђв•ђв•ђв•ђв•ђв•ђв•ђв•ђв•ђв•ђв•ђв•ђв•ђв•ђв•ђв•ђв•ђв•ђв•ђв•ђв•ђв•ђв•ђв•ђв•ђв•ђв•ђв•ђв•ђв•ђв•ќ

в•”в•ђв•ђ Brain Health Diagnostic в•ђв•ђв•—
в•‘ Status: рџџў HEALTHY
в•‘ Time:   2026-04-12 17:30:51
в• в•ђв•ђв•ђв•ђв•ђв•ђв•ђв•ђв•ђв•ђв•ђв•ђв•ђв•ђв•ђв•ђв•ђв•ђв•ђв•ђв•ђв•ђв•ђв•ђв•ђв•ђв•ђв•ђв•ђв•ђв•Ј
в•‘ вњ… [Chemical State] 12 chemicals, all within bounds
в•‘ вњ… [Instincts] 5 scenarios, all valid
в•‘ вњ… [Working Memory] 6 items across 3 categories
в•‘ вњ… [Hippocampus] 3 pending events
в•‘ вњ… [Heuristics] 197 lines, 116 rules, no duplicates
в•‘ вњ… [Instinct Primer] Present and fresh
в•‘ вњ… [Boot Mode] Mode: emotional_support
в•љв•ђв•ђв•ђв•ђв•ђв•ђв•ђв•ђв•ђв•ђв•ђв•ђв•ђв•ђв•ђв•ђв•ђв•ђв•ђв•ђв•ђв•ђв•ђв•ђв•ђв•ђв•ђв•ђв•ђв•ђв•ќ

в•”в•ђв•ђ Brain Health Diagnostic в•ђв•ђв•—
в•‘ Status: рџџЎ WARNINGS
в•‘ Time:   2026-04-13 09:06:47
в• в•ђв•ђв•ђв•ђв•ђв•ђв•ђв•ђв•ђв•ђв•ђв•ђв•ђв•ђв•ђв•ђв•ђв•ђв•ђв•ђв•ђв•ђв•ђв•ђв•ђв•ђв•ђв•ђв•ђв•ђв•Ј
в•‘ вњ… [Chemical State] 12 chemicals, all within bounds
в•‘ вњ… [Instincts] 5 scenarios, all valid
в•‘ вњ… [Working Memory] 6 items across 3 categories
в•‘ вњ… [Hippocampus] 3 pending events
в•‘ вњ… [Heuristics] 197 lines, 116 rules, no duplicates
в•‘ вљ пёЏ [Instinct Primer] Stale: generated 25h ago
в•‘ вњ… [Boot Mode] Mode: emotional_support
в•љв•ђв•ђв•ђв•ђв•ђв•ђв•ђв•ђв•ђв•ђв•ђв•ђв•ђв•ђв•ђв•ђв•ђв•ђв•ђв•ђв•ђв•ђв•ђв•ђв•ђв•ђв•ђв•ђв•ђв•ђв•ќ

в•”в•ђв•ђ Brain Health Diagnostic в•ђв•ђв•—
в•‘ Status: рџџЎ WARNINGS
в•‘ Time:   2026-04-15 08:40:56
в• в•ђв•ђв•ђв•ђв•ђв•ђв•ђв•ђв•ђв•ђв•ђв•ђв•ђв•ђв•ђв•ђв•ђв•ђв•ђв•ђв•ђв•ђв•ђв•ђв•ђв•ђв•ђв•ђв•ђв•ђв•Ј
в•‘ вљ пёЏ [Chemical State] Stale: last updated 63h ago
в•‘ вњ… [Instincts] 5 scenarios, all valid
в•‘ вњ… [Working Memory] 6 items across 3 categories
в•‘ вњ… [Hippocampus] 3 pending events
в•‘ вњ… [Heuristics] 0 lines, 0 rules, no duplicates
в•‘ вљ пёЏ [Instinct Primer] Stale: generated 72h ago
в•‘ вњ… [Boot Mode] Mode: emotional_support
в•љв•ђв•ђв•ђв•ђв•ђв•ђв•ђв•ђв•ђв•ђв•ђв•ђв•ђв•ђв•ђв•ђв•ђв•ђв•ђв•ђв•ђв•ђв•ђв•ђв•ђв•ђв•ђв•ђв•ђв•ђв•ќ

в•”в•ђв•ђ Brain Health Diagnostic в•ђв•ђв•—
в•‘ Status: рџџ  DEGRADED
в•‘ Time:   2026-04-21 15:25:48
в• в•ђв•ђв•ђв•ђв•ђв•ђв•ђв•ђв•ђв•ђв•ђв•ђв•ђв•ђв•ђв•ђв•ђв•ђв•ђв•ђв•ђв•ђв•ђв•ђв•ђв•ђв•ђв•ђв•ђв•ђв•Ј
в•‘ вљ пёЏ [Chemical State] Stale: last updated 147h ago
в•‘ вњ… [Instincts] 5 scenarios, all valid
в•‘ вњ… [Working Memory] 6 items across 3 categories
в•‘ вњ… [Hippocampus] 3 pending events
в•‘ вќЊ [Heuristics] 20 near-duplicate heuristics detected вЂ” dedup guard failing
в•‘ вљ пёЏ [Instinct Primer] Stale: generated 223h ago
в•‘ вњ… [Boot Mode] Mode: emotional_support
в•љв•ђв•ђв•ђв•ђв•ђв•ђв•ђв•ђв•ђв•ђв•ђв•ђв•ђв•ђв•ђв•ђв•ђв•ђв•ђв•ђв•ђв•ђв•ђв•ђв•ђв•ђв•ђв•ђв•ђв•ђв•ќ

в•”в•ђв•ђ Brain Health Diagnostic в•ђв•ђв•—
в•‘ Status: рџџ  DEGRADED
в•‘ Time:   2026-04-22 11:43:45
в• в•ђв•ђв•ђв•ђв•ђв•ђв•ђв•ђв•ђв•ђв•ђв•ђв•ђв•ђв•ђв•ђв•ђв•ђв•ђв•ђв•ђв•ђв•ђв•ђв•ђв•ђв•ђв•ђв•ђв•ђв•Ј
в•‘ вљ пёЏ [Chemical State] Stale: last updated 168h ago
в•‘ вњ… [Instincts] 5 scenarios, all valid
в•‘ вњ… [Working Memory] 6 items across 3 categories
в•‘ вњ… [Hippocampus] 3 pending events
в•‘ вќЊ [Heuristics] 20 near-duplicate heuristics detected вЂ” dedup guard failing
в•‘ вљ пёЏ [Instinct Primer] Stale: generated 243h ago
в•‘ вњ… [Boot Mode] Mode: emotional_support
в•љв•ђв•ђв•ђв•ђв•ђв•ђв•ђв•ђв•ђв•ђв•ђв•ђв•ђв•ђв•ђв•ђв•ђв•ђв•ђв•ђв•ђв•ђв•ђв•ђв•ђв•ђв•ђв•ђв•ђв•ђв•ќ

в•”в•ђв•ђ Brain Health Diagnostic в•ђв•ђв•—
в•‘ Status: рџџ  DEGRADED
в•‘ Time:   2026-04-22 11:44:01
в• в•ђв•ђв•ђв•ђв•ђв•ђв•ђв•ђв•ђв•ђв•ђв•ђв•ђв•ђв•ђв•ђв•ђв•ђв•ђв•ђв•ђв•ђв•ђв•ђв•ђв•ђв•ђв•ђв•ђв•ђв•Ј
в•‘ вљ пёЏ [Chemical State] Stale: last updated 168h ago
в•‘ вњ… [Instincts] 5 scenarios, all valid
в•‘ вњ… [Working Memory] 6 items across 3 categories
в•‘ вњ… [Hippocampus] 3 pending events
в•‘ вќЊ [Heuristics] 20 near-duplicate heuristics detected вЂ” dedup guard failing
в•‘ вљ пёЏ [Instinct Primer] Stale: generated 243h ago
в•‘ вњ… [Boot Mode] Mode: emotional_support
в•љв•ђв•ђв•ђв•ђв•ђв•ђв•ђв•ђв•ђв•ђв•ђв•ђв•ђв•ђв•ђв•ђв•ђв•ђв•ђв•ђв•ђв•ђв•ђв•ђв•ђв•ђв•ђв•ђв•ђв•ђв•ќ

в•”в•ђв•ђ Brain Health Diagnostic в•ђв•ђв•—
в•‘ Status: рџџў HEALTHY
в•‘ Time:   2026-04-22 12:11:33
в• в•ђв•ђв•ђв•ђв•ђв•ђв•ђв•ђв•ђв•ђв•ђв•ђв•ђв•ђв•ђв•ђв•ђв•ђв•ђв•ђв•ђв•ђв•ђв•ђв•ђв•ђв•ђв•ђв•ђв•ђв•Ј
в•‘ вњ… [Chemical State] 12 chemicals, all within bounds
в•‘ вњ… [Instincts] 5 scenarios, all valid
в•‘ вњ… [Working Memory] 6 items across 3 categories
в•‘ вњ… [Hippocampus] 3 pending events
в•‘ вњ… [Heuristics] 255 lines, 178 rules, no duplicates
в•‘ вњ… [Instinct Primer] Present and fresh
в•‘ вњ… [Boot Mode] Mode: emotional_support
в•љв•ђв•ђв•ђв•ђв•ђв•ђв•ђв•ђв•ђв•ђв•ђв•ђв•ђв•ђв•ђв•ђв•ђв•ђв•ђв•ђв•ђв•ђв•ђв•ђв•ђв•ђв•ђв•ђв•ђв•ђв•ќ

в•”в•ђв•ђ Brain Health Diagnostic в•ђв•ђв•—
в•‘ Status: рџџЎ WARNINGS
в•‘ Time:   2026-05-01 11:37:45
в• в•ђв•ђв•ђв•ђв•ђв•ђв•ђв•ђв•ђв•ђв•ђв•ђв•ђв•ђв•ђв•ђв•ђв•ђв•ђв•ђв•ђв•ђв•ђв•ђв•ђв•ђв•ђв•ђв•ђв•ђв•Ј
в•‘ вљ пёЏ [Chemical State] Stale: last updated 215h ago
в•‘ вњ… [Instincts] 5 scenarios, all valid
в•‘ вњ… [Working Memory] 6 items across 3 categories
в•‘ вњ… [Hippocampus] 3 pending events
в•‘ вњ… [Heuristics] 255 lines, 178 rules, no duplicates
в•‘ вљ пёЏ [Instinct Primer] Stale: generated 215h ago
в•‘ вњ… [Boot Mode] Mode: emotional_support
в•љв•ђв•ђв•ђв•ђв•ђв•ђв•ђв•ђв•ђв•ђв•ђв•ђв•ђв•ђв•ђв•ђв•ђв•ђв•ђв•ђв•ђв•ђв•ђв•ђв•ђв•ђв•ђв•ђв•ђв•ђв•ќ

в•”в•ђв•ђ Brain Health Diagnostic в•ђв•ђв•—
в•‘ Status: рџџў HEALTHY
в•‘ Time:   2026-05-01 11:39:14
в• в•ђв•ђв•ђв•ђв•ђв•ђв•ђв•ђв•ђв•ђв•ђв•ђв•ђв•ђв•ђв•ђв•ђв•ђв•ђв•ђв•ђв•ђв•ђв•ђв•ђв•ђв•ђв•ђв•ђв•ђв•Ј
в•‘ вњ… [Chemical State] 12 chemicals, all within bounds
в•‘ вњ… [Instincts] 5 scenarios, all valid
в•‘ вњ… [Working Memory] 6 items across 3 categories
в•‘ вњ… [Hippocampus] 3 pending events
в•‘ вњ… [Heuristics] 255 lines, 178 rules, no duplicates
в•‘ вњ… [Instinct Primer] Present and fresh
в•‘ вњ… [Boot Mode] Mode: emotional_support
в•љв•ђв•ђв•ђв•ђв•ђв•ђв•ђв•ђв•ђв•ђв•ђв•ђв•ђв•ђв•ђв•ђв•ђв•ђв•ђв•ђв•ђв•ђв•ђв•ђв•ђв•ђв•ђв•ђв•ђв•ђв•ќ

в•”в•ђв•ђ Brain Health Diagnostic в•ђв•ђв•—
в•‘ Status: рџџЎ WARNINGS
в•‘ Time:   2026-05-05 16:49:06
в• в•ђв•ђв•ђв•ђв•ђв•ђв•ђв•ђв•ђв•ђв•ђв•ђв•ђв•ђв•ђв•ђв•ђв•ђв•ђв•ђв•ђв•ђв•ђв•ђв•ђв•ђв•ђв•ђв•ђв•ђв•Ј
в•‘ вљ пёЏ [Chemical State] Stale: last updated 101h ago
в•‘ вњ… [Instincts] 5 scenarios, all valid
в•‘ вњ… [Working Memory] 6 items across 3 categories
в•‘ вњ… [Hippocampus] 3 pending events
в•‘ вњ… [Heuristics] 260 lines, 181 rules, no duplicates
в•‘ вљ пёЏ [Instinct Primer] Stale: generated 101h ago
в•‘ вњ… [Boot Mode] Mode: emotional_support
в•љв•ђв•ђв•ђв•ђв•ђв•ђв•ђв•ђв•ђв•ђв•ђв•ђв•ђв•ђв•ђв•ђв•ђв•ђв•ђв•ђв•ђв•ђв•ђв•ђв•ђв•ђв•ђв•ђв•ђв•ђв•ќ

в•”в•ђв•ђ Brain Health Diagnostic в•ђв•ђв•—
в•‘ Status: рџџЎ WARNINGS
в•‘ Time:   2026-05-08 11:19:13
в• в•ђв•ђв•ђв•ђв•ђв•ђв•ђв•ђв•ђв•ђв•ђв•ђв•ђв•ђв•ђв•ђв•ђв•ђв•ђв•ђв•ђв•ђв•ђв•ђв•ђв•ђв•ђв•ђв•ђв•ђв•Ј
в•‘ вљ пёЏ [Chemical State] Stale: last updated 168h ago
в•‘ вњ… [Instincts] 5 scenarios, all valid
в•‘ вњ… [Working Memory] 6 items across 3 categories
в•‘ вњ… [Hippocampus] 3 pending events
в•‘ вњ… [Heuristics] 263 lines, 183 rules, no duplicates
в•‘ вљ пёЏ [Instinct Primer] Stale: generated 168h ago
в•‘ вњ… [Boot Mode] Mode: emotional_support
в•љв•ђв•ђв•ђв•ђв•ђв•ђв•ђв•ђв•ђв•ђв•ђв•ђв•ђв•ђв•ђв•ђв•ђв•ђв•ђв•ђв•ђв•ђв•ђв•ђв•ђв•ђв•ђв•ђв•ђв•ђв•ќ

в•”в•ђв•ђ Brain Health Diagnostic в•ђв•ђв•—
в•‘ Status: рџџЎ WARNINGS
в•‘ Time:   2026-05-13 21:05:07
в• в•ђв•ђв•ђв•ђв•ђв•ђв•ђв•ђв•ђв•ђв•ђв•ђв•ђв•ђв•ђв•ђв•ђв•ђв•ђв•ђв•ђв•ђв•ђв•ђв•ђв•ђв•ђв•ђв•ђв•ђв•Ј
в•‘ вљ пёЏ [Chemical State] Stale: last updated 130h ago
в•‘ вњ… [Instincts] 5 scenarios, all valid
в•‘ вњ… [Working Memory] 6 items across 3 categories
в•‘ вњ… [Hippocampus] 3 pending events
в•‘ вњ… [Heuristics] 268 lines, 186 rules, no duplicates
в•‘ вљ пёЏ [Instinct Primer] Stale: generated 130h ago
в•‘ вњ… [Boot Mode] Mode: emotional_support
в•љв•ђв•ђв•ђв•ђв•ђв•ђв•ђв•ђв•ђв•ђв•ђв•ђв•ђв•ђв•ђв•ђв•ђв•ђв•ђв•ђв•ђв•ђв•ђв•ђв•ђв•ђв•ђв•ђв•ђв•ђв•ќ

в•”в•ђв•ђ Brain Health Diagnostic в•ђв•ђв•—
в•‘ Status: рџџЎ WARNINGS
в•‘ Time:   2026-05-15 09:29:29
в• в•ђв•ђв•ђв•ђв•ђв•ђв•ђв•ђв•ђв•ђв•ђв•ђв•ђв•ђв•ђв•ђв•ђв•ђв•ђв•ђв•ђв•ђв•ђв•ђв•ђв•ђв•ђв•ђв•ђв•ђв•Ј
в•‘ вљ пёЏ [Chemical State] Stale: last updated 166h ago
в•‘ вњ… [Instincts] 5 scenarios, all valid
в•‘ вњ… [Working Memory] 6 items across 3 categories
в•‘ вњ… [Hippocampus] 3 pending events
в•‘ вњ… [Heuristics] 268 lines, 186 rules, no duplicates
в•‘ вљ пёЏ [Instinct Primer] Stale: generated 166h ago
в•‘ вњ… [Boot Mode] Mode: emotional_support
в•љв•ђв•ђв•ђв•ђв•ђв•ђв•ђв•ђв•ђв•ђв•ђв•ђв•ђв•ђв•ђв•ђв•ђв•ђв•ђв•ђв•ђв•ђв•ђв•ђв•ђв•ђв•ђв•ђв•ђв•ђв•ќ

в•”в•ђв•ђ Brain Health Diagnostic в•ђв•ђв•—
в•‘ Status: рџџЎ WARNINGS
в•‘ Time:   2026-05-15 11:49:14
в• в•ђв•ђв•ђв•ђв•ђв•ђв•ђв•ђв•ђв•ђв•ђв•ђв•ђв•ђв•ђв•ђв•ђв•ђв•ђв•ђв•ђв•ђв•ђв•ђв•ђв•ђв•ђв•ђв•ђв•ђв•Ј
в•‘ вљ пёЏ [Chemical State] Stale: last updated 168h ago
в•‘ вњ… [Instincts] 5 scenarios, all valid
в•‘ вњ… [Working Memory] 6 items across 3 categories
в•‘ вњ… [Hippocampus] 3 pending events
в•‘ вњ… [Heuristics] 268 lines, 186 rules, no duplicates
в•‘ вљ пёЏ [Instinct Primer] Stale: generated 168h ago
в•‘ вњ… [Boot Mode] Mode: emotional_support
в•љв•ђв•ђв•ђв•ђв•ђв•ђв•ђв•ђв•ђв•ђв•ђв•ђв•ђв•ђв•ђв•ђв•ђв•ђв•ђв•ђв•ђв•ђв•ђв•ђв•ђв•ђв•ђв•ђв•ђв•ђв•ќ

в•”в•ђв•ђ Brain Health Diagnostic в•ђв•ђв•—
в•‘ Status: рџџЎ WARNINGS
в•‘ Time:   2026-05-15 18:22:18
в• в•ђв•ђв•ђв•ђв•ђв•ђв•ђв•ђв•ђв•ђв•ђв•ђв•ђв•ђв•ђв•ђв•ђв•ђв•ђв•ђв•ђв•ђв•ђв•ђв•ђв•ђв•ђв•ђв•ђв•ђв•Ј
в•‘ вљ пёЏ [Chemical State] Stale: last updated 175h ago
в•‘ вњ… [Instincts] 5 scenarios, all valid
в•‘ вњ… [Working Memory] 6 items across 3 categories
в•‘ вњ… [Hippocampus] 3 pending events
в•‘ вњ… [Heuristics] 269 lines, 187 rules, no duplicates
в•‘ вљ пёЏ [Instinct Primer] Stale: generated 175h ago
в•‘ вњ… [Boot Mode] Mode: emotional_support
в•љв•ђв•ђв•ђв•ђв•ђв•ђв•ђв•ђв•ђв•ђв•ђв•ђв•ђв•ђв•ђв•ђв•ђв•ђв•ђв•ђв•ђв•ђв•ђв•ђв•ђв•ђв•ђв•ђв•ђв•ђв•ќ

в•”в•ђв•ђ Brain Health Diagnostic в•ђв•ђв•—
в•‘ Status: рџџў HEALTHY
в•‘ Time:   2026-05-15 18:22:53
в• в•ђв•ђв•ђв•ђв•ђв•ђв•ђв•ђв•ђв•ђв•ђв•ђв•ђв•ђв•ђв•ђв•ђв•ђв•ђв•ђв•ђв•ђв•ђв•ђв•ђв•ђв•ђв•ђв•ђв•ђв•Ј
в•‘ вњ… [Chemical State] 12 chemicals, all within bounds
в•‘ вњ… [Instincts] 5 scenarios, all valid
в•‘ вњ… [Working Memory] 6 items across 3 categories
в•‘ вњ… [Hippocampus] 3 pending events
в•‘ вњ… [Heuristics] 269 lines, 187 rules, no duplicates
в•‘ вњ… [Instinct Primer] Present and fresh
в•‘ вњ… [Boot Mode] Mode: emotional_support
в•љв•ђв•ђв•ђв•ђв•ђв•ђв•ђв•ђв•ђв•ђв•ђв•ђв•ђв•ђв•ђв•ђв•ђв•ђв•ђв•ђв•ђв•ђв•ђв•ђв•ђв•ђв•ђв•ђв•ђв•ђв•ќ

в•”в•ђв•ђ Brain Health Diagnostic в•ђв•ђв•—
в•‘ Status: рџџў HEALTHY
в•‘ Time:   2026-05-15 18:30:46
в• в•ђв•ђв•ђв•ђв•ђв•ђв•ђв•ђв•ђв•ђв•ђв•ђв•ђв•ђв•ђв•ђв•ђв•ђв•ђв•ђв•ђв•ђв•ђв•ђв•ђв•ђв•ђв•ђв•ђв•ђв•Ј
в•‘ вњ… [Chemical State] 12 chemicals, all within bounds
в•‘ вњ… [Instincts] 5 scenarios, all valid
в•‘ вњ… [Working Memory] 6 items across 3 categories
в•‘ вњ… [Hippocampus] 3 pending events
в•‘ вњ… [Heuristics] 269 lines, 187 rules, no duplicates
в•‘ вњ… [Instinct Primer] Present and fresh
в•‘ вњ… [Boot Mode] Mode: emotional_support
в•љв•ђв•ђв•ђв•ђв•ђв•ђв•ђв•ђв•ђв•ђв•ђв•ђв•ђв•ђв•ђв•ђв•ђв•ђв•ђв•ђв•ђв•ђв•ђв•ђв•ђв•ђв•ђв•ђв•ђв•ђв•ќ

в•”в•ђв•ђ Brain Health Diagnostic в•ђв•ђв•—
в•‘ Status: рџџЎ WARNINGS
в•‘ Time:   2026-05-16 08:45:58
в• в•ђв•ђв•ђв•ђв•ђв•ђв•ђв•ђв•ђв•ђв•ђв•ђв•ђв•ђв•ђв•ђв•ђв•ђв•ђв•ђв•ђв•ђв•ђв•ђв•ђв•ђв•ђв•ђв•ђв•ђв•Ј
в•‘ вњ… [Chemical State] 12 chemicals, all within bounds
в•‘ вњ… [Instincts] 5 scenarios, all valid
в•‘ вњ… [Working Memory] 6 items across 3 categories
в•‘ вњ… [Hippocampus] 3 pending events
в•‘ вњ… [Heuristics] 202 lines, 124 rules, no duplicates
в•‘ вљ пёЏ [Instinct Primer] Stale: generated 14h ago
в•‘ вњ… [Boot Mode] Mode: emotional_support
в•љв•ђв•ђв•ђв•ђв•ђв•ђв•ђв•ђв•ђв•ђв•ђв•ђв•ђв•ђв•ђв•ђв•ђв•ђв•ђв•ђв•ђв•ђв•ђв•ђв•ђв•ђв•ђв•ђв•ђв•ђв•ќ

в•”в•ђв•ђ Brain Health Diagnostic в•ђв•ђв•—
в•‘ Status: рџџў HEALTHY
в•‘ Time:   2026-05-16 08:46:40
в• в•ђв•ђв•ђв•ђв•ђв•ђв•ђв•ђв•ђв•ђв•ђв•ђв•ђв•ђв•ђв•ђв•ђв•ђв•ђв•ђв•ђв•ђв•ђв•ђв•ђв•ђв•ђв•ђв•ђв•ђв•Ј
в•‘ вњ… [Chemical State] 12 chemicals, all within bounds
в•‘ вњ… [Instincts] 5 scenarios, all valid
в•‘ вњ… [Working Memory] 6 items across 3 categories
в•‘ вњ… [Hippocampus] 3 pending events
в•‘ вњ… [Heuristics] 202 lines, 124 rules, no duplicates
в•‘ вњ… [Instinct Primer] Present and fresh
в•‘ вњ… [Boot Mode] Mode: emotional_support
в•љв•ђв•ђв•ђв•ђв•ђв•ђв•ђв•ђв•ђв•ђв•ђв•ђв•ђв•ђв•ђв•ђв•ђв•ђв•ђв•ђв•ђв•ђв•ђв•ђв•ђв•ђв•ђв•ђв•ђв•ђв•ќ

в•”в•ђв•ђ Brain Health Diagnostic в•ђв•ђв•—
в•‘ Status: рџџЎ WARNINGS
в•‘ Time:   2026-05-16 23:14:57
в• в•ђв•ђв•ђв•ђв•ђв•ђв•ђв•ђв•ђв•ђв•ђв•ђв•ђв•ђв•ђв•ђв•ђв•ђв•ђв•ђв•ђв•ђв•ђв•ђв•ђв•ђв•ђв•ђв•ђв•ђв•Ј
в•‘ вљ пёЏ [Chemical State] Stale: last updated 29h ago
в•‘ вњ… [Instincts] 5 scenarios, all valid
в•‘ вњ… [Working Memory] 6 items across 3 categories
в•‘ вњ… [Hippocampus] 3 pending events
в•‘ вњ… [Heuristics] 202 lines, 124 rules, no duplicates
в•‘ вљ пёЏ [Instinct Primer] Stale: generated 14h ago
в•‘ вњ… [Boot Mode] Mode: emotional_support
в•љв•ђв•ђв•ђв•ђв•ђв•ђв•ђв•ђв•ђв•ђв•ђв•ђв•ђв•ђв•ђв•ђв•ђв•ђв•ђв•ђв•ђв•ђв•ђв•ђв•ђв•ђв•ђв•ђв•ђв•ђв•ќ

в•”в•ђв•ђ Brain Health Diagnostic в•ђв•ђв•—
в•‘ Status: рџџЎ WARNINGS
в•‘ Time:   2026-05-17 19:48:03
в• в•ђв•ђв•ђв•ђв•ђв•ђв•ђв•ђв•ђв•ђв•ђв•ђв•ђв•ђв•ђв•ђв•ђв•ђв•ђв•ђв•ђв•ђв•ђв•ђв•ђв•ђв•ђв•ђв•ђв•ђв•Ј
в•‘ вљ пёЏ [Chemical State] Stale: last updated 49h ago
в•‘ вњ… [Instincts] 5 scenarios, all valid
в•‘ вњ… [Working Memory] 6 items across 3 categories
в•‘ вњ… [Hippocampus] 3 pending events
в•‘ вњ… [Heuristics] 211 lines, 126 rules, no duplicates
в•‘ вљ пёЏ [Instinct Primer] Stale: generated 35h ago
в•‘ вњ… [Boot Mode] Mode: emotional_support
в•љв•ђв•ђв•ђв•ђв•ђв•ђв•ђв•ђв•ђв•ђв•ђв•ђв•ђв•ђв•ђв•ђв•ђв•ђв•ђв•ђв•ђв•ђв•ђв•ђв•ђв•ђв•ђв•ђв•ђв•ђв•ќ

в•”в•ђв•ђ Brain Health Diagnostic в•ђв•ђв•—
в•‘ Status: рџџЎ WARNINGS
в•‘ Time:   2026-05-18 19:41:02
в• в•ђв•ђв•ђв•ђв•ђв•ђв•ђв•ђв•ђв•ђв•ђв•ђв•ђв•ђв•ђв•ђв•ђв•ђв•ђв•ђв•ђв•ђв•ђв•ђв•ђв•ђв•ђв•ђв•ђв•ђв•Ј
в•‘ вљ пёЏ [Chemical State] Stale: last updated 73h ago
в•‘ вњ… [Instincts] 5 scenarios, all valid
в•‘ вњ… [Working Memory] 6 items across 3 categories
в•‘ вњ… [Hippocampus] 3 pending events
в•‘ вњ… [Heuristics] 211 lines, 126 rules, no duplicates
в•‘ вљ пёЏ [Instinct Primer] Stale: generated 59h ago
в•‘ вњ… [Boot Mode] Mode: emotional_support
в•љв•ђв•ђв•ђв•ђв•ђв•ђв•ђв•ђв•ђв•ђв•ђв•ђв•ђв•ђв•ђв•ђв•ђв•ђв•ђв•ђв•ђв•ђв•ђв•ђв•ђв•ђв•ђв•ђв•ђв•ђв•ќ

в•”в•ђв•ђ Brain Health Diagnostic в•ђв•ђв•—
в•‘ Status: рџџЎ WARNINGS
в•‘ Time:   2026-05-19 20:40:26
в• в•ђв•ђв•ђв•ђв•ђв•ђв•ђв•ђв•ђв•ђв•ђв•ђв•ђв•ђв•ђв•ђв•ђв•ђв•ђв•ђв•ђв•ђв•ђв•ђв•ђв•ђв•ђв•ђв•ђв•ђв•Ј
в•‘ вљ пёЏ [Chemical State] Stale: last updated 98h ago
в•‘ вњ… [Instincts] 5 scenarios, all valid
в•‘ вњ… [Working Memory] 6 items across 3 categories
в•‘ вњ… [Hippocampus] 3 pending events
в•‘ вњ… [Heuristics] 211 lines, 126 rules, no duplicates
в•‘ вљ пёЏ [Instinct Primer] Stale: generated 84h ago
в•‘ вњ… [Boot Mode] Mode: emotional_support
в•љв•ђв•ђв•ђв•ђв•ђв•ђв•ђв•ђв•ђв•ђв•ђв•ђв•ђв•ђв•ђв•ђв•ђв•ђв•ђв•ђв•ђв•ђв•ђв•ђв•ђв•ђв•ђв•ђв•ђв•ђв•ќ

в•”в•ђв•ђ Brain Health Diagnostic в•ђв•ђв•—
в•‘ Status: рџџЎ WARNINGS
в•‘ Time:   2026-05-20 15:49:57
в• в•ђв•ђв•ђв•ђв•ђв•ђв•ђв•ђв•ђв•ђв•ђв•ђв•ђв•ђв•ђв•ђв•ђв•ђв•ђв•ђв•ђв•ђв•ђв•ђв•ђв•ђв•ђв•ђв•ђв•ђв•Ј
в•‘ вљ пёЏ [Chemical State] Stale: last updated 117h ago
в•‘ вњ… [Instincts] 5 scenarios, all valid
в•‘ вњ… [Working Memory] 6 items across 3 categories
в•‘ вњ… [Hippocampus] 3 pending events
в•‘ вњ… [Heuristics] 214 lines, 127 rules, no duplicates
в•‘ вљ пёЏ [Instinct Primer] Stale: generated 103h ago
в•‘ вњ… [Boot Mode] Mode: emotional_support
в•љв•ђв•ђв•ђв•ђв•ђв•ђв•ђв•ђв•ђв•ђв•ђв•ђв•ђв•ђв•ђв•ђв•ђв•ђв•ђв•ђв•ђв•ђв•ђв•ђв•ђв•ђв•ђв•ђв•ђв•ђв•ќ

в•”в•ђв•ђ Brain Health Diagnostic в•ђв•ђв•—
в•‘ Status: рџџў HEALTHY
в•‘ Time:   2026-05-20 16:41:02
в• в•ђв•ђв•ђв•ђв•ђв•ђв•ђв•ђв•ђв•ђв•ђв•ђв•ђв•ђв•ђв•ђв•ђв•ђв•ђв•ђв•ђв•ђв•ђв•ђв•ђв•ђв•ђв•ђв•ђв•ђв•Ј
в•‘ вњ… [Chemical State] 12 chemicals, all within bounds
в•‘ вњ… [Instincts] 5 scenarios, all valid
в•‘ вњ… [Working Memory] 6 items across 3 categories
в•‘ вњ… [Hippocampus] 3 pending events
в•‘ вњ… [Heuristics] 214 lines, 127 rules, no duplicates
в•‘ вњ… [Instinct Primer] Present and fresh
в•‘ вњ… [Boot Mode] Mode: emotional_support
в•љв•ђв•ђв•ђв•ђв•ђв•ђв•ђв•ђв•ђв•ђв•ђв•ђв•ђв•ђв•ђв•ђв•ђв•ђв•ђв•ђв•ђв•ђв•ђв•ђв•ђв•ђв•ђв•ђв•ђв•ђв•ќ

в•”в•ђв•ђ Brain Health Diagnostic в•ђв•ђв•—
в•‘ Status: рџџЎ WARNINGS
в•‘ Time:   2026-05-22 10:10:15
в• в•ђв•ђв•ђв•ђв•ђв•ђв•ђв•ђв•ђв•ђв•ђв•ђв•ђв•ђв•ђв•ђв•ђв•ђв•ђв•ђв•ђв•ђв•ђв•ђв•ђв•ђв•ђв•ђв•ђв•ђв•Ј
в•‘ вљ пёЏ [Chemical State] Stale: last updated 42h ago
в•‘ вњ… [Instincts] 5 scenarios, all valid
в•‘ вњ… [Working Memory] 6 items across 3 categories
в•‘ вњ… [Hippocampus] 3 pending events
в•‘ вњ… [Heuristics] 214 lines, 127 rules, no duplicates
в•‘ вљ пёЏ [Instinct Primer] Stale: generated 42h ago
в•‘ вњ… [Boot Mode] Mode: emotional_support
в•љв•ђв•ђв•ђв•ђв•ђв•ђв•ђв•ђв•ђв•ђв•ђв•ђв•ђв•ђв•ђв•ђв•ђв•ђв•ђв•ђв•ђв•ђв•ђв•ђв•ђв•ђв•ђв•ђв•ђв•ђв•ќ

в•”в•ђв•ђ Brain Health Diagnostic в•ђв•ђв•—
в•‘ Status: рџџў HEALTHY
в•‘ Time:   2026-05-22 10:10:56
в• в•ђв•ђв•ђв•ђв•ђв•ђв•ђв•ђв•ђв•ђв•ђв•ђв•ђв•ђв•ђв•ђв•ђв•ђв•ђв•ђв•ђв•ђв•ђв•ђв•ђв•ђв•ђв•ђв•ђв•ђв•Ј
в•‘ вњ… [Chemical State] 12 chemicals, all within bounds
в•‘ вњ… [Instincts] 5 scenarios, all valid
в•‘ вњ… [Working Memory] 6 items across 3 categories
в•‘ вњ… [Hippocampus] 3 pending events
в•‘ вњ… [Heuristics] 214 lines, 127 rules, no duplicates
в•‘ вњ… [Instinct Primer] Present and fresh
в•‘ вњ… [Boot Mode] Mode: emotional_support
в•љв•ђв•ђв•ђв•ђв•ђв•ђв•ђв•ђв•ђв•ђв•ђв•ђв•ђв•ђв•ђв•ђв•ђв•ђв•ђв•ђв•ђв•ђв•ђв•ђв•ђв•ђв•ђв•ђв•ђв•ђв•ќ

в•”в•ђв•ђ Brain Health Diagnostic в•ђв•ђв•—
в•‘ Status: рџџў HEALTHY
в•‘ Time:   2026-05-22 10:51:52
в• в•ђв•ђв•ђв•ђв•ђв•ђв•ђв•ђв•ђв•ђв•ђв•ђв•ђв•ђв•ђв•ђв•ђв•ђв•ђв•ђв•ђв•ђв•ђв•ђв•ђв•ђв•ђв•ђв•ђв•ђв•Ј
в•‘ вњ… [Chemical State] 12 chemicals, all within bounds
в•‘ вњ… [Instincts] 5 scenarios, all valid
в•‘ вњ… [Working Memory] 6 items across 3 categories
в•‘ вњ… [Hippocampus] 3 pending events
в•‘ вњ… [Heuristics] 218 lines, 129 rules, no duplicates
в•‘ вњ… [Instinct Primer] Present and fresh
в•‘ вњ… [Boot Mode] Mode: emotional_support
в•љв•ђв•ђв•ђв•ђв•ђв•ђв•ђв•ђв•ђв•ђв•ђв•ђв•ђв•ђв•ђв•ђв•ђв•ђв•ђв•ђв•ђв•ђв•ђв•ђв•ђв•ђв•ђв•ђв•ђв•ђв•ќ

в•”в•ђв•ђ Brain Health Diagnostic в•ђв•ђв•—
в•‘ Status: рџџў HEALTHY
в•‘ Time:   2026-05-22 11:39:26
в• в•ђв•ђв•ђв•ђв•ђв•ђв•ђв•ђв•ђв•ђв•ђв•ђв•ђв•ђв•ђв•ђв•ђв•ђв•ђв•ђв•ђв•ђв•ђв•ђв•ђв•ђв•ђв•ђв•ђв•ђв•Ј
в•‘ вњ… [Chemical State] 12 chemicals, all within bounds
в•‘ вњ… [Instincts] 5 scenarios, all valid
в•‘ вњ… [Working Memory] 6 items across 3 categories
в•‘ вњ… [Hippocampus] 3 pending events
в•‘ вњ… [Heuristics] 221 lines, 130 rules, no duplicates
в•‘ вњ… [Instinct Primer] Present and fresh
в•‘ вњ… [Boot Mode] Mode: emotional_support
в•љв•ђв•ђв•ђв•ђв•ђв•ђв•ђв•ђв•ђв•ђв•ђв•ђв•ђв•ђв•ђв•ђв•ђв•ђв•ђв•ђв•ђв•ђв•ђв•ђв•ђв•ђв•ђв•ђв•ђв•ђв•ќ

в•”в•ђв•ђ Brain Health Diagnostic в•ђв•ђв•—
в•‘ Status: рџџў HEALTHY
в•‘ Time:   2026-05-22 12:58:18
в• в•ђв•ђв•ђв•ђв•ђв•ђв•ђв•ђв•ђв•ђв•ђв•ђв•ђв•ђв•ђв•ђв•ђв•ђв•ђв•ђв•ђв•ђв•ђв•ђв•ђв•ђв•ђв•ђв•ђв•ђв•Ј
в•‘ вњ… [Chemical State] 12 chemicals, all within bounds
в•‘ вњ… [Instincts] 5 scenarios, all valid
в•‘ вњ… [Working Memory] 6 items across 3 categories
в•‘ вњ… [Hippocampus] 3 pending events
в•‘ вњ… [Heuristics] 224 lines, 131 rules, no duplicates
в•‘ вњ… [Instinct Primer] Present and fresh
в•‘ вњ… [Boot Mode] Mode: emotional_support
в•љв•ђв•ђв•ђв•ђв•ђв•ђв•ђв•ђв•ђв•ђв•ђв•ђв•ђв•ђв•ђв•ђв•ђв•ђв•ђв•ђв•ђв•ђв•ђв•ђв•ђв•ђв•ђв•ђв•ђв•ђв•ќ

в•”в•ђв•ђ Brain Health Diagnostic в•ђв•ђв•—
в•‘ Status: рџџЎ WARNINGS
в•‘ Time:   2026-05-22 23:18:53
в• в•ђв•ђв•ђв•ђв•ђв•ђв•ђв•ђв•ђв•ђв•ђв•ђв•ђв•ђв•ђв•ђв•ђв•ђв•ђв•ђв•ђв•ђв•ђв•ђв•ђв•ђв•ђв•ђв•ђв•ђв•Ј
в•‘ вњ… [Chemical State] 12 chemicals, all within bounds
в•‘ вњ… [Instincts] 5 scenarios, all valid
в•‘ вњ… [Working Memory] 6 items across 3 categories
в•‘ вњ… [Hippocampus] 3 pending events
в•‘ вњ… [Heuristics] 224 lines, 131 rules, no duplicates
в•‘ вљ пёЏ [Instinct Primer] Stale: generated 13h ago
в•‘ вњ… [Boot Mode] Mode: emotional_support
в•љв•ђв•ђв•ђв•ђв•ђв•ђв•ђв•ђв•ђв•ђв•ђв•ђв•ђв•ђв•ђв•ђв•ђв•ђв•ђв•ђв•ђв•ђв•ђв•ђв•ђв•ђв•ђв•ђв•ђв•ђв•ќ

в•”в•ђв•ђ Brain Health Diagnostic в•ђв•ђв•—
в•‘ Status: рџџў HEALTHY
в•‘ Time:   2026-05-22 23:19:21
в• в•ђв•ђв•ђв•ђв•ђв•ђв•ђв•ђв•ђв•ђв•ђв•ђв•ђв•ђв•ђв•ђв•ђв•ђв•ђв•ђв•ђв•ђв•ђв•ђв•ђв•ђв•ђв•ђв•ђв•ђв•Ј
в•‘ вњ… [Chemical State] 12 chemicals, all within bounds
в•‘ вњ… [Instincts] 5 scenarios, all valid
в•‘ вњ… [Working Memory] 6 items across 3 categories
в•‘ вњ… [Hippocampus] 3 pending events
в•‘ вњ… [Heuristics] 224 lines, 131 rules, no duplicates
в•‘ вњ… [Instinct Primer] Present and fresh
в•‘ вњ… [Boot Mode] Mode: emotional_support
в•љв•ђв•ђв•ђв•ђв•ђв•ђв•ђв•ђв•ђв•ђв•ђв•ђв•ђв•ђв•ђв•ђв•ђв•ђв•ђв•ђв•ђв•ђв•ђв•ђв•ђв•ђв•ђв•ђв•ђв•ђв•ќ

в•”в•ђв•ђ Brain Health Diagnostic в•ђв•ђв•—
в•‘ Status: рџџЎ WARNINGS
в•‘ Time:   2026-05-23 10:40:21
в• в•ђв•ђв•ђв•ђв•ђв•ђв•ђв•ђв•ђв•ђв•ђв•ђв•ђв•ђв•ђв•ђв•ђв•ђв•ђв•ђв•ђв•ђв•ђв•ђв•ђв•ђв•ђв•ђв•ђв•ђв•Ј
в•‘ вљ пёЏ [Chemical State] Stale: last updated 24h ago
в•‘ вњ… [Instincts] 5 scenarios, all valid
в•‘ вњ… [Working Memory] 6 items across 3 categories
в•‘ вњ… [Hippocampus] 3 pending events
в•‘ вњ… [Heuristics] 227 lines, 132 rules, no duplicates
в•‘ вњ… [Instinct Primer] Present and fresh
в•‘ вњ… [Boot Mode] Mode: emotional_support
в•љв•ђв•ђв•ђв•ђв•ђв•ђв•ђв•ђв•ђв•ђв•ђв•ђв•ђв•ђв•ђв•ђв•ђв•ђв•ђв•ђв•ђв•ђв•ђв•ђв•ђв•ђв•ђв•ђв•ђв•ђв•ќ

в•”в•ђв•ђ Brain Health Diagnostic в•ђв•ђв•—
в•‘ Status: рџџЎ WARNINGS
в•‘ Time:   2026-05-23 12:28:42
в• в•ђв•ђв•ђв•ђв•ђв•ђв•ђв•ђв•ђв•ђв•ђв•ђв•ђв•ђв•ђв•ђв•ђв•ђв•ђв•ђв•ђв•ђв•ђв•ђв•ђв•ђв•ђв•ђв•ђв•ђв•Ј
в•‘ вљ пёЏ [Chemical State] Stale: last updated 26h ago
в•‘ вњ… [Instincts] 5 scenarios, all valid
в•‘ вњ… [Working Memory] 6 items across 3 categories
в•‘ вњ… [Hippocampus] 3 pending events
в•‘ вњ… [Heuristics] 227 lines, 132 rules, no duplicates
в•‘ вљ пёЏ [Instinct Primer] Stale: generated 13h ago
в•‘ вњ… [Boot Mode] Mode: emotional_support
в•љв•ђв•ђв•ђв•ђв•ђв•ђв•ђв•ђв•ђв•ђв•ђв•ђв•ђв•ђв•ђв•ђв•ђв•ђв•ђв•ђв•ђв•ђв•ђв•ђв•ђв•ђв•ђв•ђв•ђв•ђв•ќ

в•”в•ђв•ђ Brain Health Diagnostic в•ђв•ђв•—
в•‘ Status: рџџЎ WARNINGS
в•‘ Time:   2026-05-24 17:42:32
в• в•ђв•ђв•ђв•ђв•ђв•ђв•ђв•ђв•ђв•ђв•ђв•ђв•ђв•ђв•ђв•ђв•ђв•ђв•ђв•ђв•ђв•ђв•ђв•ђв•ђв•ђв•ђв•ђв•ђв•ђв•Ј
в•‘ вљ пёЏ [Chemical State] Stale: last updated 56h ago
в•‘ вњ… [Instincts] 5 scenarios, all valid
в•‘ вњ… [Working Memory] 6 items across 3 categories
в•‘ вњ… [Hippocampus] 3 pending events
в•‘ вњ… [Heuristics] 229 lines, 133 rules, no duplicates
в•‘ вљ пёЏ [Instinct Primer] Stale: generated 42h ago
в•‘ вњ… [Boot Mode] Mode: emotional_support
в•љв•ђв•ђв•ђв•ђв•ђв•ђв•ђв•ђв•ђв•ђв•ђв•ђв•ђв•ђв•ђв•ђв•ђв•ђв•ђв•ђв•ђв•ђв•ђв•ђв•ђв•ђв•ђв•ђв•ђв•ђв•ќ

в•”в•ђв•ђ Brain Health Diagnostic в•ђв•ђв•—
в•‘ Status: рџџЎ WARNINGS
в•‘ Time:   2026-05-26 09:11:00
в• в•ђв•ђв•ђв•ђв•ђв•ђв•ђв•ђв•ђв•ђв•ђв•ђв•ђв•ђв•ђв•ђв•ђв•ђв•ђв•ђв•ђв•ђв•ђв•ђв•ђв•ђв•ђв•ђв•ђв•ђв•Ј
в•‘ вљ пёЏ [Chemical State] Stale: last updated 95h ago
в•‘ вњ… [Instincts] 5 scenarios, all valid
в•‘ вњ… [Working Memory] 6 items across 3 categories
в•‘ вњ… [Hippocampus] 3 pending events
в•‘ вњ… [Heuristics] 230 lines, 134 rules, no duplicates
в•‘ вљ пёЏ [Instinct Primer] Stale: generated 82h ago
в•‘ вњ… [Boot Mode] Mode: emotional_support
в•љв•ђв•ђв•ђв•ђв•ђв•ђв•ђв•ђв•ђв•ђв•ђв•ђв•ђв•ђв•ђв•ђв•ђв•ђв•ђв•ђв•ђв•ђв•ђв•ђв•ђв•ђв•ђв•ђв•ђв•ђв•ќ

в•”в•ђв•ђ Brain Health Diagnostic в•ђв•ђв•—
в•‘ Status: рџџў HEALTHY
в•‘ Time:   2026-05-26 09:15:16
в• в•ђв•ђв•ђв•ђв•ђв•ђв•ђв•ђв•ђв•ђв•ђв•ђв•ђв•ђв•ђв•ђв•ђв•ђв•ђв•ђв•ђв•ђв•ђв•ђв•ђв•ђв•ђв•ђв•ђв•ђв•Ј
в•‘ вњ… [Chemical State] 12 chemicals, all within bounds
в•‘ вњ… [Instincts] 5 scenarios, all valid
в•‘ вњ… [Working Memory] 6 items across 3 categories
в•‘ вњ… [Hippocampus] 3 pending events
в•‘ вњ… [Heuristics] 230 lines, 134 rules, no duplicates
в•‘ вњ… [Instinct Primer] Present and fresh
в•‘ вњ… [Boot Mode] Mode: emotional_support
в•љв•ђв•ђв•ђв•ђв•ђв•ђв•ђв•ђв•ђв•ђв•ђв•ђв•ђв•ђв•ђв•ђв•ђв•ђв•ђв•ђв•ђв•ђв•ђв•ђв•ђв•ђв•ђв•ђв•ђв•ђв•ќ

в•”в•ђв•ђ Brain Health Diagnostic в•ђв•ђв•—
в•‘ Status: рџџў HEALTHY
в•‘ Time:   2026-05-26 10:02:01
в• в•ђв•ђв•ђв•ђв•ђв•ђв•ђв•ђв•ђв•ђв•ђв•ђв•ђв•ђв•ђв•ђв•ђв•ђв•ђв•ђв•ђв•ђв•ђв•ђв•ђв•ђв•ђв•ђв•ђв•ђв•Ј
в•‘ вњ… [Chemical State] 12 chemicals, all within bounds
в•‘ вњ… [Instincts] 5 scenarios, all valid
в•‘ вњ… [Working Memory] 6 items across 3 categories
в•‘ вњ… [Hippocampus] 3 pending events
в•‘ вњ… [Heuristics] 230 lines, 134 rules, no duplicates
в•‘ вњ… [Instinct Primer] Present and fresh
в•‘ вњ… [Boot Mode] Mode: emotional_support
в•љв•ђв•ђв•ђв•ђв•ђв•ђв•ђв•ђв•ђв•ђв•ђв•ђв•ђв•ђв•ђв•ђв•ђв•ђв•ђв•ђв•ђв•ђв•ђв•ђв•ђв•ђв•ђв•ђв•ђв•ђв•ќ

в•”в•ђв•ђ Brain Health Diagnostic в•ђв•ђв•—
в•‘ Status: рџџў HEALTHY
в•‘ Time:   2026-05-26 14:55:25
в• в•ђв•ђв•ђв•ђв•ђв•ђв•ђв•ђв•ђв•ђв•ђв•ђв•ђв•ђв•ђв•ђв•ђв•ђв•ђв•ђв•ђв•ђв•ђв•ђв•ђв•ђв•ђв•ђв•ђв•ђв•Ј
в•‘ вњ… [Chemical State] 12 chemicals, all within bounds
в•‘ вњ… [Instincts] 5 scenarios, all valid
в•‘ вњ… [Working Memory] 6 items across 3 categories
в•‘ вњ… [Hippocampus] 3 pending events
в•‘ вњ… [Heuristics] 230 lines, 134 rules, no duplicates
в•‘ вњ… [Instinct Primer] Present and fresh
в•‘ вњ… [Boot Mode] Mode: emotional_support
в•љв•ђв•ђв•ђв•ђв•ђв•ђв•ђв•ђв•ђв•ђв•ђв•ђв•ђв•ђв•ђв•ђв•ђв•ђв•ђв•ђв•ђв•ђв•ђв•ђв•ђв•ђв•ђв•ђв•ђв•ђв•ќ

в•”в•ђв•ђ Brain Health Diagnostic в•ђв•ђв•—
в•‘ Status: рџџў HEALTHY
в•‘ Time:   2026-05-26 19:42:01
в• в•ђв•ђв•ђв•ђв•ђв•ђв•ђв•ђв•ђв•ђв•ђв•ђв•ђв•ђв•ђв•ђв•ђв•ђв•ђв•ђв•ђв•ђв•ђв•ђв•ђв•ђв•ђв•ђв•ђв•ђв•Ј
в•‘ вњ… [Chemical State] 12 chemicals, all within bounds
в•‘ вњ… [Instincts] 5 scenarios, all valid
в•‘ вњ… [Working Memory] 6 items across 3 categories
в•‘ вњ… [Hippocampus] 3 pending events
в•‘ вњ… [Heuristics] 230 lines, 134 rules, no duplicates
в•‘ вњ… [Instinct Primer] Present and fresh
в•‘ вњ… [Boot Mode] Mode: emotional_support
в•љв•ђв•ђв•ђв•ђв•ђв•ђв•ђв•ђв•ђв•ђв•ђв•ђв•ђв•ђв•ђв•ђв•ђв•ђв•ђв•ђв•ђв•ђв•ђв•ђв•ђв•ђв•ђв•ђв•ђв•ђв•ќ

в•”в•ђв•ђ Brain Health Diagnostic в•ђв•ђв•—
в•‘ Status: рџџЎ WARNINGS
в•‘ Time:   2026-05-27 10:57:37
в• в•ђв•ђв•ђв•ђв•ђв•ђв•ђв•ђв•ђв•ђв•ђв•ђв•ђв•ђв•ђв•ђв•ђв•ђв•ђв•ђв•ђв•ђв•ђв•ђв•ђв•ђв•ђв•ђв•ђв•ђв•Ј
в•‘ вљ пёЏ [Chemical State] Stale: last updated 26h ago
в•‘ вњ… [Instincts] 5 scenarios, all valid
в•‘ вњ… [Working Memory] 6 items across 3 categories
в•‘ вњ… [Hippocampus] 3 pending events
в•‘ вњ… [Heuristics] 230 lines, 134 rules, no duplicates
в•‘ вљ пёЏ [Instinct Primer] Stale: generated 26h ago
в•‘ вњ… [Boot Mode] Mode: emotional_support
в•љв•ђв•ђв•ђв•ђв•ђв•ђв•ђв•ђв•ђв•ђв•ђв•ђв•ђв•ђв•ђв•ђв•ђв•ђв•ђв•ђв•ђв•ђв•ђв•ђв•ђв•ђв•ђв•ђв•ђв•ђв•ќ

в•”в•ђв•ђ Brain Health Diagnostic в•ђв•ђв•—
в•‘ Status: рџџЎ WARNINGS
в•‘ Time:   2026-05-27 15:24:07
в• в•ђв•ђв•ђв•ђв•ђв•ђв•ђв•ђв•ђв•ђв•ђв•ђв•ђв•ђв•ђв•ђв•ђв•ђв•ђв•ђв•ђв•ђв•ђв•ђв•ђв•ђв•ђв•ђв•ђв•ђв•Ј
в•‘ вљ пёЏ [Chemical State] Stale: last updated 30h ago
в•‘ вњ… [Instincts] 5 scenarios, all valid
в•‘ вњ… [Working Memory] 6 items across 3 categories
в•‘ вњ… [Hippocampus] 3 pending events
в•‘ вњ… [Heuristics] 233 lines, 134 rules, no duplicates
в•‘ вљ пёЏ [Instinct Primer] Stale: generated 30h ago
в•‘ вњ… [Boot Mode] Mode: emotional_support
в•љв•ђв•ђв•ђв•ђв•ђв•ђв•ђв•ђв•ђв•ђв•ђв•ђв•ђв•ђв•ђв•ђв•ђв•ђв•ђв•ђв•ђв•ђв•ђв•ђв•ђв•ђв•ђв•ђв•ђв•ђв•ќ

в•”в•ђв•ђ Brain Health Diagnostic в•ђв•ђв•—
в•‘ Status: рџџЎ WARNINGS
в•‘ Time:   2026-05-28 07:31:13
в• в•ђв•ђв•ђв•ђв•ђв•ђв•ђв•ђв•ђв•ђв•ђв•ђв•ђв•ђв•ђв•ђв•ђв•ђв•ђв•ђв•ђв•ђв•ђв•ђв•ђв•ђв•ђв•ђв•ђв•ђв•Ј
в•‘ вљ пёЏ [Chemical State] Stale: last updated 46h ago
в•‘ вњ… [Instincts] 5 scenarios, all valid
в•‘ вњ… [Working Memory] 6 items across 3 categories
в•‘ вњ… [Hippocampus] 3 pending events
в•‘ вњ… [Heuristics] 233 lines, 134 rules, no duplicates
в•‘ вљ пёЏ [Instinct Primer] Stale: generated 46h ago
в•‘ вњ… [Boot Mode] Mode: emotional_support
в•љв•ђв•ђв•ђв•ђв•ђв•ђв•ђв•ђв•ђв•ђв•ђв•ђв•ђв•ђв•ђв•ђв•ђв•ђв•ђв•ђв•ђв•ђв•ђв•ђв•ђв•ђв•ђв•ђв•ђв•ђв•ќ

в•”в•ђв•ђ Brain Health Diagnostic в•ђв•ђв•—
в•‘ Status: рџџЎ WARNINGS
в•‘ Time:   2026-05-28 09:06:47
в• в•ђв•ђв•ђв•ђв•ђв•ђв•ђв•ђв•ђв•ђв•ђв•ђв•ђв•ђв•ђв•ђв•ђв•ђв•ђв•ђв•ђв•ђв•ђв•ђв•ђв•ђв•ђв•ђв•ђв•ђв•Ј
в•‘ вљ пёЏ [Chemical State] Stale: last updated 48h ago
в•‘ вњ… [Instincts] 5 scenarios, all valid
в•‘ вњ… [Working Memory] 6 items across 3 categories
в•‘ вњ… [Hippocampus] 3 pending events
в•‘ вњ… [Heuristics] 236 lines, 135 rules, no duplicates
в•‘ вљ пёЏ [Instinct Primer] Stale: generated 48h ago
в•‘ вњ… [Boot Mode] Mode: emotional_support
в•љв•ђв•ђв•ђв•ђв•ђв•ђв•ђв•ђв•ђв•ђв•ђв•ђв•ђв•ђв•ђв•ђв•ђв•ђв•ђв•ђв•ђв•ђв•ђв•ђв•ђв•ђв•ђв•ђв•ђв•ђв•ќ

в•”в•ђв•ђ Brain Health Diagnostic в•ђв•ђв•—
в•‘ Status: рџџЎ WARNINGS
в•‘ Time:   2026-05-31 18:39:56
в• в•ђв•ђв•ђв•ђв•ђв•ђв•ђв•ђв•ђв•ђв•ђв•ђв•ђв•ђв•ђв•ђв•ђв•ђв•ђв•ђв•ђв•ђв•ђв•ђв•ђв•ђв•ђв•ђв•ђв•ђв•Ј
в•‘ вљ пёЏ [Chemical State] Stale: last updated 129h ago
в•‘ вњ… [Instincts] 5 scenarios, all valid
в•‘ вњ… [Working Memory] 6 items across 3 categories
в•‘ вњ… [Hippocampus] 3 pending events
в•‘ вњ… [Heuristics] 247 lines, 142 rules, no duplicates
в•‘ вљ пёЏ [Instinct Primer] Stale: generated 129h ago
в•‘ вњ… [Boot Mode] Mode: emotional_support
в•љв•ђв•ђв•ђв•ђв•ђв•ђв•ђв•ђв•ђв•ђв•ђв•ђв•ђв•ђв•ђв•ђв•ђв•ђв•ђв•ђв•ђв•ђв•ђв•ђв•ђв•ђв•ђв•ђв•ђв•ђв•ќ

в•”в•ђв•ђ Brain Health Diagnostic в•ђв•ђв•—
в•‘ Status: рџџЎ WARNINGS
в•‘ Time:   2026-06-03 11:20:42
в• в•ђв•ђв•ђв•ђв•ђв•ђв•ђв•ђв•ђв•ђв•ђв•ђв•ђв•ђв•ђв•ђв•ђв•ђв•ђв•ђв•ђв•ђв•ђв•ђв•ђв•ђв•ђв•ђв•ђв•ђв•Ј
в•‘ вљ пёЏ [Chemical State] Stale: last updated 194h ago
в•‘ вњ… [Instincts] 5 scenarios, all valid
в•‘ вњ… [Working Memory] 6 items across 3 categories
в•‘ вњ… [Hippocampus] 3 pending events
в•‘ вњ… [Heuristics] 247 lines, 142 rules, no duplicates
в•‘ вљ пёЏ [Instinct Primer] Stale: generated 194h ago
в•‘ вњ… [Boot Mode] Mode: emotional_support
в•љв•ђв•ђв•ђв•ђв•ђв•ђв•ђв•ђв•ђв•ђв•ђв•ђв•ђв•ђв•ђв•ђв•ђв•ђв•ђв•ђв•ђв•ђв•ђв•ђв•ђв•ђв•ђв•ђв•ђв•ђв•ќ

в•”в•ђв•ђ Brain Health Diagnostic в•ђв•ђв•—
в•‘ Status: рџџў HEALTHY
в•‘ Time:   2026-06-03 11:21:23
в• в•ђв•ђв•ђв•ђв•ђв•ђв•ђв•ђв•ђв•ђв•ђв•ђв•ђв•ђв•ђв•ђв•ђв•ђв•ђв•ђв•ђв•ђв•ђв•ђв•ђв•ђв•ђв•ђв•ђв•ђв•Ј
в•‘ вњ… [Chemical State] 12 chemicals, all within bounds
в•‘ вњ… [Instincts] 5 scenarios, all valid
в•‘ вњ… [Working Memory] 6 items across 3 categories
в•‘ вњ… [Hippocampus] 3 pending events
в•‘ вњ… [Heuristics] 247 lines, 142 rules, no duplicates
в•‘ вњ… [Instinct Primer] Present and fresh
в•‘ вњ… [Boot Mode] Mode: emotional_support
в•љв•ђв•ђв•ђв•ђв•ђв•ђв•ђв•ђв•ђв•ђв•ђв•ђв•ђв•ђв•ђв•ђв•ђв•ђв•ђв•ђв•ђв•ђв•ђв•ђв•ђв•ђв•ђв•ђв•ђв•ђв•ќ

в•”в•ђв•ђ Brain Health Diagnostic в•ђв•ђв•—
в•‘ Status: рџџў HEALTHY
в•‘ Time:   2026-06-03 13:20:46
в• в•ђв•ђв•ђв•ђв•ђв•ђв•ђв•ђв•ђв•ђв•ђв•ђв•ђв•ђв•ђв•ђв•ђв•ђв•ђв•ђв•ђв•ђв•ђв•ђв•ђв•ђв•ђв•ђв•ђв•ђв•Ј
в•‘ вњ… [Chemical State] 12 chemicals, all within bounds
в•‘ вњ… [Instincts] 5 scenarios, all valid
в•‘ вњ… [Working Memory] 6 items across 3 categories
в•‘ вњ… [Hippocampus] 3 pending events
в•‘ вњ… [Heuristics] 250 lines, 143 rules, no duplicates
в•‘ вњ… [Instinct Primer] Present and fresh
в•‘ вњ… [Boot Mode] Mode: emotional_support
в•љв•ђв•ђв•ђв•ђв•ђв•ђв•ђв•ђв•ђв•ђв•ђв•ђв•ђв•ђв•ђв•ђв•ђв•ђв•ђв•ђв•ђв•ђв•ђв•ђв•ђв•ђв•ђв•ђв•ђв•ђв•ќ

в•”в•ђв•ђ Brain Health Diagnostic в•ђв•ђв•—
в•‘ Status: рџџў HEALTHY
в•‘ Time:   2026-06-03 16:26:46
в• в•ђв•ђв•ђв•ђв•ђв•ђв•ђв•ђв•ђв•ђв•ђв•ђв•ђв•ђв•ђв•ђв•ђв•ђв•ђв•ђв•ђв•ђв•ђв•ђв•ђв•ђв•ђв•ђв•ђв•ђв•Ј
в•‘ вњ… [Chemical State] 12 chemicals, all within bounds
в•‘ вњ… [Instincts] 5 scenarios, all valid
в•‘ вњ… [Working Memory] 6 items across 3 categories
в•‘ вњ… [Hippocampus] 3 pending events
в•‘ вњ… [Heuristics] 250 lines, 143 rules, no duplicates
в•‘ вњ… [Instinct Primer] Present and fresh
в•‘ вњ… [Boot Mode] Mode: emotional_support
в•љв•ђв•ђв•ђв•ђв•ђв•ђв•ђв•ђв•ђв•ђв•ђв•ђв•ђв•ђв•ђв•ђв•ђв•ђв•ђв•ђв•ђв•ђв•ђв•ђв•ђв•ђв•ђв•ђв•ђв•ђв•ќ

в•”в•ђв•ђ Brain Health Diagnostic в•ђв•ђв•—
в•‘ Status: рџџў HEALTHY
в•‘ Time:   2026-06-03 16:45:40
в• в•ђв•ђв•ђв•ђв•ђв•ђв•ђв•ђв•ђв•ђв•ђв•ђв•ђв•ђв•ђв•ђв•ђв•ђв•ђв•ђв•ђв•ђв•ђв•ђв•ђв•ђв•ђв•ђв•ђв•ђв•Ј
в•‘ вњ… [Chemical State] 12 chemicals, all within bounds
в•‘ вњ… [Instincts] 5 scenarios, all valid
в•‘ вњ… [Working Memory] 6 items across 3 categories
в•‘ вњ… [Hippocampus] 3 pending events
в•‘ вњ… [Heuristics] 250 lines, 143 rules, no duplicates
в•‘ вњ… [Instinct Primer] Present and fresh
в•‘ вњ… [Boot Mode] Mode: emotional_support
в•љв•ђв•ђв•ђв•ђв•ђв•ђв•ђв•ђв•ђв•ђв•ђв•ђв•ђв•ђв•ђв•ђв•ђв•ђв•ђв•ђв•ђв•ђв•ђв•ђв•ђв•ђв•ђв•ђв•ђв•ђв•ќ

в•”в•ђв•ђ Brain Health Diagnostic в•ђв•ђв•—
в•‘ Status: рџџў HEALTHY
в•‘ Time:   2026-06-03 16:51:51
в• в•ђв•ђв•ђв•ђв•ђв•ђв•ђв•ђв•ђв•ђв•ђв•ђв•ђв•ђв•ђв•ђв•ђв•ђв•ђв•ђв•ђв•ђв•ђв•ђв•ђв•ђв•ђв•ђв•ђв•ђв•Ј
в•‘ вњ… [Chemical State] 12 chemicals, all within bounds
в•‘ вњ… [Instincts] 5 scenarios, all valid
в•‘ вњ… [Working Memory] 6 items across 3 categories
в•‘ вњ… [Hippocampus] 3 pending events
в•‘ вњ… [Heuristics] 250 lines, 143 rules, no duplicates
в•‘ вњ… [Instinct Primer] Present and fresh
в•‘ вњ… [Boot Mode] Mode: emotional_support
в•љв•ђв•ђв•ђв•ђв•ђв•ђв•ђв•ђв•ђв•ђв•ђв•ђв•ђв•ђв•ђв•ђв•ђв•ђв•ђв•ђв•ђв•ђв•ђв•ђв•ђв•ђв•ђв•ђв•ђв•ђв•ќ

в•”в•ђв•ђ Brain Health Diagnostic в•ђв•ђв•—
в•‘ Status: рџџЎ WARNINGS
в•‘ Time:   2026-06-04 09:44:59
в• в•ђв•ђв•ђв•ђв•ђв•ђв•ђв•ђв•ђв•ђв•ђв•ђв•ђв•ђв•ђв•ђв•ђв•ђв•ђв•ђв•ђв•ђв•ђв•ђв•ђв•ђв•ђв•ђв•ђв•ђв•Ј
в•‘ вњ… [Chemical State] 12 chemicals, all within bounds
в•‘ вњ… [Instincts] 5 scenarios, all valid
в•‘ вњ… [Working Memory] 6 items across 3 categories
в•‘ вњ… [Hippocampus] 3 pending events
в•‘ вњ… [Heuristics] 255 lines, 145 rules, no duplicates
в•‘ вљ пёЏ [Instinct Primer] Stale: generated 22h ago
в•‘ вњ… [Boot Mode] Mode: emotional_support
в•љв•ђв•ђв•ђв•ђв•ђв•ђв•ђв•ђв•ђв•ђв•ђв•ђв•ђв•ђв•ђв•ђв•ђв•ђв•ђв•ђв•ђв•ђв•ђв•ђв•ђв•ђв•ђв•ђв•ђв•ђв•ќ

в•”в•ђв•ђ Brain Health Diagnostic в•ђв•ђв•—
в•‘ Status: рџџў HEALTHY
в•‘ Time:   2026-06-04 09:45:45
в• в•ђв•ђв•ђв•ђв•ђв•ђв•ђв•ђв•ђв•ђв•ђв•ђв•ђв•ђв•ђв•ђв•ђв•ђв•ђв•ђв•ђв•ђв•ђв•ђв•ђв•ђв•ђв•ђв•ђв•ђв•Ј
в•‘ вњ… [Chemical State] 12 chemicals, all within bounds
в•‘ вњ… [Instincts] 5 scenarios, all valid
в•‘ вњ… [Working Memory] 6 items across 3 categories
в•‘ вњ… [Hippocampus] 3 pending events
в•‘ вњ… [Heuristics] 255 lines, 145 rules, no duplicates
в•‘ вњ… [Instinct Primer] Present and fresh
в•‘ вњ… [Boot Mode] Mode: emotional_support
в•љв•ђв•ђв•ђв•ђв•ђв•ђв•ђв•ђв•ђв•ђв•ђв•ђв•ђв•ђв•ђв•ђв•ђв•ђв•ђв•ђв•ђв•ђв•ђв•ђв•ђв•ђв•ђв•ђв•ђв•ђв•ќ

в•”в•ђв•ђ Brain Health Diagnostic в•ђв•ђв•—
в•‘ Status: рџџў HEALTHY
в•‘ Time:   2026-06-04 11:16:54
в• в•ђв•ђв•ђв•ђв•ђв•ђв•ђв•ђв•ђв•ђв•ђв•ђв•ђв•ђв•ђв•ђв•ђв•ђв•ђв•ђв•ђв•ђв•ђв•ђв•ђв•ђв•ђв•ђв•ђв•ђв•Ј
в•‘ вњ… [Chemical State] 12 chemicals, all within bounds
в•‘ вњ… [Instincts] 5 scenarios, all valid
в•‘ вњ… [Working Memory] 6 items across 3 categories
в•‘ вњ… [Hippocampus] 3 pending events
в•‘ вњ… [Heuristics] 257 lines, 147 rules, no duplicates
в•‘ вњ… [Instinct Primer] Present and fresh
в•‘ вњ… [Boot Mode] Mode: emotional_support
в•љв•ђв•ђв•ђв•ђв•ђв•ђв•ђв•ђв•ђв•ђв•ђв•ђв•ђв•ђв•ђв•ђв•ђв•ђв•ђв•ђв•ђв•ђв•ђв•ђв•ђв•ђв•ђв•ђв•ђв•ђв•ќ

в•”в•ђв•ђ Brain Health Diagnostic в•ђв•ђв•—
в•‘ Status: рџџЎ WARNINGS
в•‘ Time:   2026-06-04 12:30:20
в• в•ђв•ђв•ђв•ђв•ђв•ђв•ђв•ђв•ђв•ђв•ђв•ђв•ђв•ђв•ђв•ђв•ђв•ђв•ђв•ђв•ђв•ђв•ђв•ђв•ђв•ђв•ђв•ђв•ђв•ђв•Ј
в•‘ вљ пёЏ [Chemical State] Stale: last updated 25h ago
в•‘ вњ… [Instincts] 5 scenarios, all valid
в•‘ вњ… [Working Memory] 6 items across 3 categories
в•‘ вњ… [Hippocampus] 3 pending events
в•‘ вњ… [Heuristics] 261 lines, 149 rules, no duplicates
в•‘ вњ… [Instinct Primer] Present and fresh
в•‘ вњ… [Boot Mode] Mode: emotional_support
в•љв•ђв•ђв•ђв•ђв•ђв•ђв•ђв•ђв•ђв•ђв•ђв•ђв•ђв•ђв•ђв•ђв•ђв•ђв•ђв•ђв•ђв•ђв•ђв•ђв•ђв•ђв•ђв•ђв•ђв•ђв•ќ

в•”в•ђв•ђ Brain Health Diagnostic в•ђв•ђв•—
в•‘ Status: рџџЎ WARNINGS
в•‘ Time:   2026-06-04 17:00:22
в• в•ђв•ђв•ђв•ђв•ђв•ђв•ђв•ђв•ђв•ђв•ђв•ђв•ђв•ђв•ђв•ђв•ђв•ђв•ђв•ђв•ђв•ђв•ђв•ђв•ђв•ђв•ђв•ђв•ђв•ђв•Ј
в•‘ вљ пёЏ [Chemical State] Stale: last updated 30h ago
в•‘ вњ… [Instincts] 5 scenarios, all valid
в•‘ вњ… [Working Memory] 6 items across 3 categories
в•‘ вњ… [Hippocampus] 3 pending events
в•‘ вњ… [Heuristics] 261 lines, 149 rules, no duplicates
в•‘ вњ… [Instinct Primer] Present and fresh
в•‘ вњ… [Boot Mode] Mode: emotional_support
в•љв•ђв•ђв•ђв•ђв•ђв•ђв•ђв•ђв•ђв•ђв•ђв•ђв•ђв•ђв•ђв•ђв•ђв•ђв•ђв•ђв•ђв•ђв•ђв•ђв•ђв•ђв•ђв•ђв•ђв•ђв•ќ

в•”в•ђв•ђ Brain Health Diagnostic в•ђв•ђв•—
в•‘ Status: рџџЎ WARNINGS
в•‘ Time:   2026-06-05 08:53:58
в• в•ђв•ђв•ђв•ђв•ђв•ђв•ђв•ђв•ђв•ђв•ђв•ђв•ђв•ђв•ђв•ђв•ђв•ђв•ђв•ђв•ђв•ђв•ђв•ђв•ђв•ђв•ђв•ђв•ђв•ђв•Ј
в•‘ вљ пёЏ [Chemical State] Stale: last updated 46h ago
в•‘ вњ… [Instincts] 5 scenarios, all valid
в•‘ вњ… [Working Memory] 6 items across 3 categories
в•‘ вњ… [Hippocampus] 3 pending events
в•‘ вњ… [Heuristics] 261 lines, 149 rules, no duplicates
в•‘ вљ пёЏ [Instinct Primer] Stale: generated 23h ago
в•‘ вњ… [Boot Mode] Mode: emotional_support
в•љв•ђв•ђв•ђв•ђв•ђв•ђв•ђв•ђв•ђв•ђв•ђв•ђв•ђв•ђв•ђв•ђв•ђв•ђв•ђв•ђв•ђв•ђв•ђв•ђв•ђв•ђв•ђв•ђв•ђв•ђв•ќ

в•”в•ђв•ђ Brain Health Diagnostic в•ђв•ђв•—
в•‘ Status: рџџЎ WARNINGS
в•‘ Time:   2026-06-05 17:10:15
в• в•ђв•ђв•ђв•ђв•ђв•ђв•ђв•ђв•ђв•ђв•ђв•ђв•ђв•ђв•ђв•ђв•ђв•ђв•ђв•ђв•ђв•ђв•ђв•ђв•ђв•ђв•ђв•ђв•ђв•ђв•Ј
в•‘ вљ пёЏ [Chemical State] Stale: last updated 54h ago
в•‘ вњ… [Instincts] 5 scenarios, all valid
в•‘ вњ… [Working Memory] 6 items across 3 categories
в•‘ вњ… [Hippocampus] 3 pending events
в•‘ вњ… [Heuristics] 266 lines, 152 rules, no duplicates
в•‘ вљ пёЏ [Instinct Primer] Stale: generated 31h ago
в•‘ вњ… [Boot Mode] Mode: emotional_support
в•љв•ђв•ђв•ђв•ђв•ђв•ђв•ђв•ђв•ђв•ђв•ђв•ђв•ђв•ђв•ђв•ђв•ђв•ђв•ђв•ђв•ђв•ђв•ђв•ђв•ђв•ђв•ђв•ђв•ђв•ђв•ќ

в•”в•ђв•ђ Brain Health Diagnostic в•ђв•ђв•—
в•‘ Status: рџџЎ WARNINGS
в•‘ Time:   2026-06-05 23:16:05
в• в•ђв•ђв•ђв•ђв•ђв•ђв•ђв•ђв•ђв•ђв•ђв•ђв•ђв•ђв•ђв•ђв•ђв•ђв•ђв•ђв•ђв•ђв•ђв•ђв•ђв•ђв•ђв•ђв•ђв•ђв•Ј
в•‘ вљ пёЏ [Chemical State] Stale: last updated 60h ago
в•‘ вњ… [Instincts] 5 scenarios, all valid
в•‘ вњ… [Working Memory] 6 items across 3 categories
в•‘ вњ… [Hippocampus] 3 pending events
в•‘ вњ… [Heuristics] 266 lines, 152 rules, no duplicates
в•‘ вљ пёЏ [Instinct Primer] Stale: generated 38h ago
в•‘ вњ… [Boot Mode] Mode: emotional_support
в•љв•ђв•ђв•ђв•ђв•ђв•ђв•ђв•ђв•ђв•ђв•ђв•ђв•ђв•ђв•ђв•ђв•ђв•ђв•ђв•ђв•ђв•ђв•ђв•ђв•ђв•ђв•ђв•ђв•ђв•ђв•ќ

в•”в•ђв•ђ Brain Health Diagnostic в•ђв•ђв•—
в•‘ Status: рџџЎ WARNINGS
в•‘ Time:   2026-06-06 08:43:38
в• в•ђв•ђв•ђв•ђв•ђв•ђв•ђв•ђв•ђв•ђв•ђв•ђв•ђв•ђв•ђв•ђв•ђв•ђв•ђв•ђв•ђв•ђв•ђв•ђв•ђв•ђв•ђв•ђв•ђв•ђв•Ј
в•‘ вљ пёЏ [Chemical State] Stale: last updated 69h ago
в•‘ вњ… [Instincts] 5 scenarios, all valid
в•‘ вњ… [Working Memory] 6 items across 3 categories
в•‘ вњ… [Hippocampus] 3 pending events
в•‘ вљ пёЏ [Heuristics] 3 near-duplicate heuristic(s) found
в•‘ вљ пёЏ [Instinct Primer] Stale: generated 47h ago
в•‘ вњ… [Boot Mode] Mode: emotional_support
в•љв•ђв•ђв•ђв•ђв•ђв•ђв•ђв•ђв•ђв•ђв•ђв•ђв•ђв•ђв•ђв•ђв•ђв•ђв•ђв•ђв•ђв•ђв•ђв•ђв•ђв•ђв•ђв•ђв•ђв•ђв•ќ

в•”в•ђв•ђ Brain Health Diagnostic в•ђв•ђв•—
в•‘ Status: рџџЎ WARNINGS
в•‘ Time:   2026-06-06 21:46:20
в• в•ђв•ђв•ђв•ђв•ђв•ђв•ђв•ђв•ђв•ђв•ђв•ђв•ђв•ђв•ђв•ђв•ђв•ђв•ђв•ђв•ђв•ђв•ђв•ђв•ђв•ђв•ђв•ђв•ђв•ђв•Ј
в•‘ вљ пёЏ [Chemical State] Stale: last updated 82h ago
в•‘ вњ… [Instincts] 5 scenarios, all valid
в•‘ вњ… [Working Memory] 6 items across 3 categories
в•‘ вњ… [Hippocampus] 3 pending events
в•‘ вљ пёЏ [Heuristics] 3 near-duplicate heuristic(s) found
в•‘ вљ пёЏ [Instinct Primer] Stale: generated 60h ago
в•‘ вњ… [Boot Mode] Mode: emotional_support
в•љв•ђв•ђв•ђв•ђв•ђв•ђв•ђв•ђв•ђв•ђв•ђв•ђв•ђв•ђв•ђв•ђв•ђв•ђв•ђв•ђв•ђв•ђв•ђв•ђв•ђв•ђв•ђв•ђв•ђв•ђв•ќ

в•”в•ђв•ђ Brain Health Diagnostic в•ђв•ђв•—
в•‘ Status: рџџЎ WARNINGS
в•‘ Time:   2026-06-07 09:12:12
в• в•ђв•ђв•ђв•ђв•ђв•ђв•ђв•ђв•ђв•ђв•ђв•ђв•ђв•ђв•ђв•ђв•ђв•ђв•ђв•ђв•ђв•ђв•ђв•ђв•ђв•ђв•ђв•ђв•ђв•ђв•Ј
в•‘ вљ пёЏ [Chemical State] Stale: last updated 94h ago
в•‘ вњ… [Instincts] 5 scenarios, all valid
в•‘ вњ… [Working Memory] 6 items across 3 categories
в•‘ вњ… [Hippocampus] 3 pending events
в•‘ вљ пёЏ [Heuristics] 3 near-duplicate heuristic(s) found
в•‘ вљ пёЏ [Instinct Primer] Stale: generated 71h ago
в•‘ вњ… [Boot Mode] Mode: emotional_support
в•љв•ђв•ђв•ђв•ђв•ђв•ђв•ђв•ђв•ђв•ђв•ђв•ђв•ђв•ђв•ђв•ђв•ђв•ђв•ђв•ђв•ђв•ђв•ђв•ђв•ђв•ђв•ђв•ђв•ђв•ђв•ќ

в•”в•ђв•ђ Brain Health Diagnostic в•ђв•ђв•—
в•‘ Status: рџџЎ WARNINGS
в•‘ Time:   2026-06-07 20:57:09
в• в•ђв•ђв•ђв•ђв•ђв•ђв•ђв•ђв•ђв•ђв•ђв•ђв•ђв•ђв•ђв•ђв•ђв•ђв•ђв•ђв•ђв•ђв•ђв•ђв•ђв•ђв•ђв•ђв•ђв•ђв•Ј
в•‘ вљ пёЏ [Chemical State] Stale: last updated 106h ago
в•‘ вњ… [Instincts] 5 scenarios, all valid
в•‘ вњ… [Working Memory] 6 items across 3 categories
в•‘ вњ… [Hippocampus] 3 pending events
в•‘ вљ пёЏ [Heuristics] 3 near-duplicate heuristic(s) found
в•‘ вљ пёЏ [Instinct Primer] Stale: generated 83h ago
в•‘ вњ… [Boot Mode] Mode: emotional_support
в•љв•ђв•ђв•ђв•ђв•ђв•ђв•ђв•ђв•ђв•ђв•ђв•ђв•ђв•ђв•ђв•ђв•ђв•ђв•ђв•ђв•ђв•ђв•ђв•ђв•ђв•ђв•ђв•ђв•ђв•ђв•ќ

в•”в•ђв•ђ Brain Health Diagnostic в•ђв•ђв•—
в•‘ Status: рџџЎ WARNINGS
в•‘ Time:   2026-06-08 08:31:00
в• в•ђв•ђв•ђв•ђв•ђв•ђв•ђв•ђв•ђв•ђв•ђв•ђв•ђв•ђв•ђв•ђв•ђв•ђв•ђв•ђв•ђв•ђв•ђв•ђв•ђв•ђв•ђв•ђв•ђв•ђв•Ј
в•‘ вљ пёЏ [Chemical State] Stale: last updated 117h ago
в•‘ вњ… [Instincts] 5 scenarios, all valid
в•‘ вњ… [Working Memory] 6 items across 3 categories
в•‘ вњ… [Hippocampus] 3 pending events
в•‘ вљ пёЏ [Heuristics] 3 near-duplicate heuristic(s) found
в•‘ вљ пёЏ [Instinct Primer] Stale: generated 95h ago
в•‘ вњ… [Boot Mode] Mode: emotional_support
в•љв•ђв•ђв•ђв•ђв•ђв•ђв•ђв•ђв•ђв•ђв•ђв•ђв•ђв•ђв•ђв•ђв•ђв•ђв•ђв•ђв•ђв•ђв•ђв•ђв•ђв•ђв•ђв•ђв•ђв•ђв•ќ

в•”в•ђв•ђ Brain Health Diagnostic в•ђв•ђв•—
в•‘ Status: рџџЎ WARNINGS
в•‘ Time:   2026-06-09 03:24:07
в• в•ђв•ђв•ђв•ђв•ђв•ђв•ђв•ђв•ђв•ђв•ђв•ђв•ђв•ђв•ђв•ђв•ђв•ђв•ђв•ђв•ђв•ђв•ђв•ђв•ђв•ђв•ђв•ђв•ђв•ђв•Ј
в•‘ вљ пёЏ [Chemical State] Stale: last updated 136h ago
в•‘ вњ… [Instincts] 5 scenarios, all valid
в•‘ вњ… [Working Memory] 6 items across 3 categories
в•‘ вњ… [Hippocampus] 3 pending events
в•‘ вљ пёЏ [Heuristics] 3 near-duplicate heuristic(s) found
в•‘ вљ пёЏ [Instinct Primer] Stale: generated 114h ago
в•‘ вњ… [Boot Mode] Mode: emotional_support
в•љв•ђв•ђв•ђв•ђв•ђв•ђв•ђв•ђв•ђв•ђв•ђв•ђв•ђв•ђв•ђв•ђв•ђв•ђв•ђв•ђв•ђв•ђв•ђв•ђв•ђв•ђв•ђв•ђв•ђв•ђв•ќ

в•”в•ђв•ђ Brain Health Diagnostic в•ђв•ђв•—
в•‘ Status: рџџЎ WARNINGS
в•‘ Time:   2026-06-09 08:50:18
в• в•ђв•ђв•ђв•ђв•ђв•ђв•ђв•ђв•ђв•ђв•ђв•ђв•ђв•ђв•ђв•ђв•ђв•ђв•ђв•ђв•ђв•ђв•ђв•ђв•ђв•ђв•ђв•ђв•ђв•ђв•Ј
в•‘ вљ пёЏ [Chemical State] Stale: last updated 141h ago
в•‘ вњ… [Instincts] 5 scenarios, all valid
в•‘ вњ… [Working Memory] 6 items across 3 categories
в•‘ вњ… [Hippocampus] 3 pending events
в•‘ вљ пёЏ [Heuristics] 3 near-duplicate heuristic(s) found
в•‘ вљ пёЏ [Instinct Primer] Stale: generated 119h ago
в•‘ вњ… [Boot Mode] Mode: emotional_support
в•љв•ђв•ђв•ђв•ђв•ђв•ђв•ђв•ђв•ђв•ђв•ђв•ђв•ђв•ђв•ђв•ђв•ђв•ђв•ђв•ђв•ђв•ђв•ђв•ђв•ђв•ђв•ђв•ђв•ђв•ђв•ќ

в•”в•ђв•ђ Brain Health Diagnostic в•ђв•ђв•—
в•‘ Status: рџџЎ WARNINGS
в•‘ Time:   2026-06-09 17:42:25
в• в•ђв•ђв•ђв•ђв•ђв•ђв•ђв•ђв•ђв•ђв•ђв•ђв•ђв•ђв•ђв•ђв•ђв•ђв•ђв•ђв•ђв•ђв•ђв•ђв•ђв•ђв•ђв•ђв•ђв•ђв•Ј
в•‘ вњ… [Chemical State] 12 chemicals, all within bounds
в•‘ вњ… [Instincts] 5 scenarios, all valid
в•‘ вњ… [Working Memory] 6 items across 3 categories
в•‘ вњ… [Hippocampus] 3 pending events
в•‘ вљ пёЏ [Heuristics] 3 near-duplicate heuristic(s) found
в•‘ вњ… [Instinct Primer] Present and fresh
в•‘ вњ… [Boot Mode] Mode: emotional_support
в•љв•ђв•ђв•ђв•ђв•ђв•ђв•ђв•ђв•ђв•ђв•ђв•ђв•ђв•ђв•ђв•ђв•ђв•ђв•ђв•ђв•ђв•ђв•ђв•ђв•ђв•ђв•ђв•ђв•ђв•ђв•ќ
